<?xml version="1.0" encoding="UTF-8"?>
<testsuite name="com.google.common.css.compiler.passes.VerifyRecognizedPropertiesTest" tests="3" skipped="0" failures="0" errors="0" timestamp="2021-07-14T13:58:50" hostname="Patrick-MBP.fritz.box" time="0.002">
  <properties/>
  <testcase name="testAllowedUnrecognizedProperties" classname="com.google.common.css.compiler.passes.VerifyRecognizedPropertiesTest" time="0.001"/>
  <testcase name="testAllValidProperties" classname="com.google.common.css.compiler.passes.VerifyRecognizedPropertiesTest" time="0.0"/>
  <testcase name="testUnrecognizedProperties" classname="com.google.common.css.compiler.passes.VerifyRecognizedPropertiesTest" time="0.001"/>
  <system-out><![CDATA[]]></system-out>
  <system-err><![CDATA[]]></system-err>
</testsuite>
