<?xml version="1.0" encoding="UTF-8"?>
<testsuite name="com.google.common.css.compiler.passes.CreateMixinsTest" tests="6" skipped="0" failures="0" errors="0" timestamp="2021-07-14T13:58:49" hostname="Patrick-MBP.fritz.box" time="0.004">
  <properties/>
  <testcase name="testCreateMixin" classname="com.google.common.css.compiler.passes.CreateMixinsTest" time="0.001"/>
  <testcase name="testMixinWithInvalidParameter" classname="com.google.common.css.compiler.passes.CreateMixinsTest" time="0.001"/>
  <testcase name="testMixinDefinitionWithoutBlockError" classname="com.google.common.css.compiler.passes.CreateMixinsTest" time="0.0"/>
  <testcase name="testCreateMixinDefinition" classname="com.google.common.css.compiler.passes.CreateMixinsTest" time="0.001"/>
  <testcase name="testMixinWithBlockError" classname="com.google.common.css.compiler.passes.CreateMixinsTest" time="0.0"/>
  <testcase name="testMixinDefinitionWithInvalidParameter" classname="com.google.common.css.compiler.passes.CreateMixinsTest" time="0.001"/>
  <system-out><![CDATA[]]></system-out>
  <system-err><![CDATA[]]></system-err>
</testsuite>
