<?xml version="1.0" encoding="UTF-8"?>
<testsuite name="com.google.common.css.compiler.ast.CssDeclarationNodeTest" tests="6" skipped="0" failures="0" errors="0" timestamp="2021-07-14T13:58:51" hostname="Patrick-MBP.fritz.box" time="0.003">
  <properties/>
  <testcase name="testDeepCopyOfDeclarationNode" classname="com.google.common.css.compiler.ast.CssDeclarationNodeTest" time="0.001"/>
  <testcase name="testDeepCopyOfDeclarationNode2" classname="com.google.common.css.compiler.ast.CssDeclarationNodeTest" time="0.0"/>
  <testcase name="testDeepCopyOfDeclarationNode3" classname="com.google.common.css.compiler.ast.CssDeclarationNodeTest" time="0.001"/>
  <testcase name="testCompleteDeclarationNodeCreation" classname="com.google.common.css.compiler.ast.CssDeclarationNodeTest" time="0.001"/>
  <testcase name="testCompleteCustomDeclarationNodeCreation" classname="com.google.common.css.compiler.ast.CssDeclarationNodeTest" time="0.0"/>
  <testcase name="testDeclarationNodeCreation" classname="com.google.common.css.compiler.ast.CssDeclarationNodeTest" time="0.0"/>
  <system-out><![CDATA[]]></system-out>
  <system-err><![CDATA[]]></system-err>
</testsuite>
