<?xml version="1.0" encoding="UTF-8"?>
<testsuite name="com.google.common.css.compiler.passes.ReplaceConstantReferencesTest" tests="6" skipped="0" failures="0" errors="0" timestamp="2021-07-14T13:58:48" hostname="Patrick-MBP.fritz.box" time="0.415">
  <properties/>
  <testcase name="testAllowUndefinedConstantsError" classname="com.google.common.css.compiler.passes.ReplaceConstantReferencesTest" time="0.393"/>
  <testcase name="testEnterValueNode" classname="com.google.common.css.compiler.passes.ReplaceConstantReferencesTest" time="0.002"/>
  <testcase name="testRunPass" classname="com.google.common.css.compiler.passes.ReplaceConstantReferencesTest" time="0.003"/>
  <testcase name="testEnterDefinitionNode" classname="com.google.common.css.compiler.passes.ReplaceConstantReferencesTest" time="0.003"/>
  <testcase name="testAllowUndefinedConstants" classname="com.google.common.css.compiler.passes.ReplaceConstantReferencesTest" time="0.005"/>
  <testcase name="testEnterArgumentNode" classname="com.google.common.css.compiler.passes.ReplaceConstantReferencesTest" time="0.006"/>
  <system-out><![CDATA[]]></system-out>
  <system-err><![CDATA[]]></system-err>
</testsuite>
