<?xml version="1.0" encoding="UTF-8"?>
<testsuite name="com.google.common.css.SplittingSubstitutionMapTest" tests="2" skipped="0" failures="0" errors="0" timestamp="2021-07-14T13:58:43" hostname="Patrick-MBP.fritz.box" time="0.005">
  <properties/>
  <testcase name="testGet" classname="com.google.common.css.SplittingSubstitutionMapTest" time="0.003"/>
  <testcase name="testSameObjectReturnedIfNoDash" classname="com.google.common.css.SplittingSubstitutionMapTest" time="0.002"/>
  <system-out><![CDATA[]]></system-out>
  <system-err><![CDATA[]]></system-err>
</testsuite>
