<?xml version="1.0" encoding="UTF-8"?>
<testsuite name="com.google.common.css.compiler.ast.GssParserTest" tests="143" skipped="0" failures="0" errors="0" timestamp="2021-07-14T13:58:50" hostname="Patrick-MBP.fritz.box" time="0.101">
  <properties/>
  <testcase name="testUnquotedUrl" classname="com.google.common.css.compiler.ast.GssParserTest" time="0.0"/>
  <testcase name="testEllipse" classname="com.google.common.css.compiler.ast.GssParserTest" time="0.0"/>
  <testcase name="testCalc_simple_noUnits" classname="com.google.common.css.compiler.ast.GssParserTest" time="0.001"/>
  <testcase name="testManySources" classname="com.google.common.css.compiler.ast.GssParserTest" time="0.0"/>
  <testcase name="testForLoopWithVariables" classname="com.google.common.css.compiler.ast.GssParserTest" time="0.001"/>
  <testcase name="testCustomBorderProperty" classname="com.google.common.css.compiler.ast.GssParserTest" time="0.0"/>
  <testcase name="testEqualAttribute" classname="com.google.common.css.compiler.ast.GssParserTest" time="0.001"/>
  <testcase name="testParsingColonFunctionName" classname="com.google.common.css.compiler.ast.GssParserTest" time="0.0"/>
  <testcase name="testParsingAt1" classname="com.google.common.css.compiler.ast.GssParserTest" time="0.0"/>
  <testcase name="testParsingAt2" classname="com.google.common.css.compiler.ast.GssParserTest" time="0.0"/>
  <testcase name="testParsingAt3" classname="com.google.common.css.compiler.ast.GssParserTest" time="0.0"/>
  <testcase name="testParsingIf1" classname="com.google.common.css.compiler.ast.GssParserTest" time="0.001"/>
  <testcase name="testParsingIf2" classname="com.google.common.css.compiler.ast.GssParserTest" time="0.0"/>
  <testcase name="testParsingIf3" classname="com.google.common.css.compiler.ast.GssParserTest" time="0.001"/>
  <testcase name="testParsingURL" classname="com.google.common.css.compiler.ast.GssParserTest" time="0.0"/>
  <testcase name="testParsingFunctionManyArgs" classname="com.google.common.css.compiler.ast.GssParserTest" time="0.001"/>
  <testcase name="testUrlPrefix2" classname="com.google.common.css.compiler.ast.GssParserTest" time="0.001"/>
  <testcase name="testEscapingInDoubleQuoteString" classname="com.google.common.css.compiler.ast.GssParserTest" time="0.0"/>
  <testcase name="testMediaQueryRatioWithManyLeadingSpaces" classname="com.google.common.css.compiler.ast.GssParserTest" time="0.001"/>
  <testcase name="testParsingWebkitFilterFunctions" classname="com.google.common.css.compiler.ast.GssParserTest" time="0.0"/>
  <testcase name="testUnicodeRange" classname="com.google.common.css.compiler.ast.GssParserTest" time="0.001"/>
  <testcase name="testParsingComplexDef1" classname="com.google.common.css.compiler.ast.GssParserTest" time="0.0"/>
  <testcase name="testParsingComplexDef2" classname="com.google.common.css.compiler.ast.GssParserTest" time="0.0"/>
  <testcase name="testIntraPropertyCdoCdc" classname="com.google.common.css.compiler.ast.GssParserTest" time="0.001"/>
  <testcase name="testParsingDef1" classname="com.google.common.css.compiler.ast.GssParserTest" time="0.001"/>
  <testcase name="testParsingDef3" classname="com.google.common.css.compiler.ast.GssParserTest" time="0.0"/>
  <testcase name="testForLoopWithVariablesInBlock" classname="com.google.common.css.compiler.ast.GssParserTest" time="0.001"/>
  <testcase name="testParsingSelector1" classname="com.google.common.css.compiler.ast.GssParserTest" time="0.0"/>
  <testcase name="testParsingSelector2" classname="com.google.common.css.compiler.ast.GssParserTest" time="0.0"/>
  <testcase name="testParsingSelector3" classname="com.google.common.css.compiler.ast.GssParserTest" time="0.001"/>
  <testcase name="testParsingSelector4" classname="com.google.common.css.compiler.ast.GssParserTest" time="0.0"/>
  <testcase name="testParsingSelector5" classname="com.google.common.css.compiler.ast.GssParserTest" time="0.0"/>
  <testcase name="testParsingSelector6" classname="com.google.common.css.compiler.ast.GssParserTest" time="0.0"/>
  <testcase name="testParsingSelector7" classname="com.google.common.css.compiler.ast.GssParserTest" time="0.001"/>
  <testcase name="testParsingLocalFunctions" classname="com.google.common.css.compiler.ast.GssParserTest" time="0.0"/>
  <testcase name="testKonquererGradients" classname="com.google.common.css.compiler.ast.GssParserTest" time="0.001"/>
  <testcase name="testAst10" classname="com.google.common.css.compiler.ast.GssParserTest" time="0.0"/>
  <testcase name="testAst11" classname="com.google.common.css.compiler.ast.GssParserTest" time="0.0"/>
  <testcase name="testAst12" classname="com.google.common.css.compiler.ast.GssParserTest" time="0.001"/>
  <testcase name="testAst13" classname="com.google.common.css.compiler.ast.GssParserTest" time="0.0"/>
  <testcase name="testAst14" classname="com.google.common.css.compiler.ast.GssParserTest" time="0.0"/>
  <testcase name="testAst15" classname="com.google.common.css.compiler.ast.GssParserTest" time="0.001"/>
  <testcase name="testAst16" classname="com.google.common.css.compiler.ast.GssParserTest" time="0.001"/>
  <testcase name="testAst17" classname="com.google.common.css.compiler.ast.GssParserTest" time="0.0"/>
  <testcase name="testAst18" classname="com.google.common.css.compiler.ast.GssParserTest" time="0.001"/>
  <testcase name="testAst19" classname="com.google.common.css.compiler.ast.GssParserTest" time="0.0"/>
  <testcase name="testAst20" classname="com.google.common.css.compiler.ast.GssParserTest" time="0.001"/>
  <testcase name="testAst21" classname="com.google.common.css.compiler.ast.GssParserTest" time="0.0"/>
  <testcase name="testAst22" classname="com.google.common.css.compiler.ast.GssParserTest" time="0.0"/>
  <testcase name="testAst23" classname="com.google.common.css.compiler.ast.GssParserTest" time="0.001"/>
  <testcase name="testAst24" classname="com.google.common.css.compiler.ast.GssParserTest" time="0.001"/>
  <testcase name="testInset" classname="com.google.common.css.compiler.ast.GssParserTest" time="0.0"/>
  <testcase name="testMixinDefinitions" classname="com.google.common.css.compiler.ast.GssParserTest" time="0.001"/>
  <testcase name="testAst1" classname="com.google.common.css.compiler.ast.GssParserTest" time="0.001"/>
  <testcase name="testAst2" classname="com.google.common.css.compiler.ast.GssParserTest" time="0.0"/>
  <testcase name="testAst3" classname="com.google.common.css.compiler.ast.GssParserTest" time="0.001"/>
  <testcase name="testAst4" classname="com.google.common.css.compiler.ast.GssParserTest" time="0.0"/>
  <testcase name="testAst5" classname="com.google.common.css.compiler.ast.GssParserTest" time="0.0"/>
  <testcase name="testAst6" classname="com.google.common.css.compiler.ast.GssParserTest" time="0.001"/>
  <testcase name="testAst7" classname="com.google.common.css.compiler.ast.GssParserTest" time="0.001"/>
  <testcase name="testAst8" classname="com.google.common.css.compiler.ast.GssParserTest" time="0.0"/>
  <testcase name="testAst9" classname="com.google.common.css.compiler.ast.GssParserTest" time="0.001"/>
  <testcase name="testParsingMozKeyframes1" classname="com.google.common.css.compiler.ast.GssParserTest" time="0.0"/>
  <testcase name="testForLoop" classname="com.google.common.css.compiler.ast.GssParserTest" time="0.001"/>
  <testcase name="testMediaQueryRatioNoSpaces" classname="com.google.common.css.compiler.ast.GssParserTest" time="0.0"/>
  <testcase name="testUrlWithWhitespace" classname="com.google.common.css.compiler.ast.GssParserTest" time="0.0"/>
  <testcase name="testFn" classname="com.google.common.css.compiler.ast.GssParserTest" time="0.001"/>
  <testcase name="testPseudoFunction" classname="com.google.common.css.compiler.ast.GssParserTest" time="0.0"/>
  <testcase name="testGradients" classname="com.google.common.css.compiler.ast.GssParserTest" time="0.001"/>
  <testcase name="testPolygon" classname="com.google.common.css.compiler.ast.GssParserTest" time="0.0"/>
  <testcase name="testMediaQueryRatioWithNoTrailingSpaces" classname="com.google.common.css.compiler.ast.GssParserTest" time="0.0"/>
  <testcase name="testParsingEmptyPseudo" classname="com.google.common.css.compiler.ast.GssParserTest" time="0.001"/>
  <testcase name="testAsteriskEqualAttribute" classname="com.google.common.css.compiler.ast.GssParserTest" time="0.0"/>
  <testcase name="testCaretEqualAttribute" classname="com.google.common.css.compiler.ast.GssParserTest" time="0.0"/>
  <testcase name="testRunawayMicrosoftListAtRule" classname="com.google.common.css.compiler.ast.GssParserTest" time="0.001"/>
  <testcase name="testCalc_complexConstant_unaryOperator" classname="com.google.common.css.compiler.ast.GssParserTest" time="0.0"/>
  <testcase name="testInternetExplorerGradients" classname="com.google.common.css.compiler.ast.GssParserTest" time="0.002"/>
  <testcase name="testCalc_withParenthesizedSums" classname="com.google.common.css.compiler.ast.GssParserTest" time="0.0"/>
  <testcase name="testMediaQueryRatioWithSpaces" classname="com.google.common.css.compiler.ast.GssParserTest" time="0.001"/>
  <testcase name="testMozillaGradients" classname="com.google.common.css.compiler.ast.GssParserTest" time="0.001"/>
  <testcase name="testImageSet" classname="com.google.common.css.compiler.ast.GssParserTest" time="0.001"/>
  <testcase name="testParsingBooleanTerm1" classname="com.google.common.css.compiler.ast.GssParserTest" time="0.0"/>
  <testcase name="testParsingBooleanTerm2" classname="com.google.common.css.compiler.ast.GssParserTest" time="0.001"/>
  <testcase name="testMozLinearGradient" classname="com.google.common.css.compiler.ast.GssParserTest" time="0.0"/>
  <testcase name="testOperaGradients" classname="com.google.common.css.compiler.ast.GssParserTest" time="0.001"/>
  <testcase name="testParsingEqualsOperator" classname="com.google.common.css.compiler.ast.GssParserTest" time="0.001"/>
  <testcase name="testComments" classname="com.google.common.css.compiler.ast.GssParserTest" time="0.001"/>
  <testcase name="testEscapingInSingleQuoteString" classname="com.google.common.css.compiler.ast.GssParserTest" time="0.001"/>
  <testcase name="testWebkitMinDevicePixelRatio" classname="com.google.common.css.compiler.ast.GssParserTest" time="0.0"/>
  <testcase name="testUrlPrefix" classname="com.google.common.css.compiler.ast.GssParserTest" time="0.001"/>
  <testcase name="testParsingRules1" classname="com.google.common.css.compiler.ast.GssParserTest" time="0.0"/>
  <testcase name="testParsingRules2" classname="com.google.common.css.compiler.ast.GssParserTest" time="0.0"/>
  <testcase name="testParsingRules3" classname="com.google.common.css.compiler.ast.GssParserTest" time="0.0"/>
  <testcase name="testParsingRules4" classname="com.google.common.css.compiler.ast.GssParserTest" time="0.001"/>
  <testcase name="testParsingArbitraryDim" classname="com.google.common.css.compiler.ast.GssParserTest" time="0.0"/>
  <testcase name="testCustomDeclaration" classname="com.google.common.css.compiler.ast.GssParserTest" time="0.001"/>
  <testcase name="testDefaultValue" classname="com.google.common.css.compiler.ast.GssParserTest" time="0.0"/>
  <testcase name="testCalc_fourOperands" classname="com.google.common.css.compiler.ast.GssParserTest" time="0.001"/>
  <testcase name="testParsingParenthesizedTerm" classname="com.google.common.css.compiler.ast.GssParserTest" time="0.001"/>
  <testcase name="testParsingHexcolor" classname="com.google.common.css.compiler.ast.GssParserTest" time="0.001"/>
  <testcase name="testCalc_simple" classname="com.google.common.css.compiler.ast.GssParserTest" time="0.0"/>
  <testcase name="testCalc_complexConstant" classname="com.google.common.css.compiler.ast.GssParserTest" time="0.001"/>
  <testcase name="testCustomPropertyReferenceInCalc" classname="com.google.common.css.compiler.ast.GssParserTest" time="0.0"/>
  <testcase name="testParsingFunction1Arg" classname="com.google.common.css.compiler.ast.GssParserTest" time="0.0"/>
  <testcase name="testParsingPseudo1" classname="com.google.common.css.compiler.ast.GssParserTest" time="0.0"/>
  <testcase name="testParsingPseudo2" classname="com.google.common.css.compiler.ast.GssParserTest" time="0.001"/>
  <testcase name="testWebkitGradients" classname="com.google.common.css.compiler.ast.GssParserTest" time="0.002"/>
  <testcase name="testMicrosoftListAtRule" classname="com.google.common.css.compiler.ast.GssParserTest" time="0.002"/>
  <testcase name="testCalcInVarDefaultValue" classname="com.google.common.css.compiler.ast.GssParserTest" time="0.0"/>
  <testcase name="testOldPseudoElements" classname="com.google.common.css.compiler.ast.GssParserTest" time="0.0"/>
  <testcase name="testParsingWebkitKeyframes1" classname="com.google.common.css.compiler.ast.GssParserTest" time="0.001"/>
  <testcase name="testParsingWebkitKeyframes2" classname="com.google.common.css.compiler.ast.GssParserTest" time="0.002"/>
  <testcase name="testParsingWebkitKeyframes3" classname="com.google.common.css.compiler.ast.GssParserTest" time="0.0"/>
  <testcase name="testParsingWebkitKeyframes4" classname="com.google.common.css.compiler.ast.GssParserTest" time="0.001"/>
  <testcase name="testParsingColonFunctionName2" classname="com.google.common.css.compiler.ast.GssParserTest" time="0.001"/>
  <testcase name="testMediaQuery" classname="com.google.common.css.compiler.ast.GssParserTest" time="0.0"/>
  <testcase name="testCdoCdc" classname="com.google.common.css.compiler.ast.GssParserTest" time="0.001"/>
  <testcase name="testCircle" classname="com.google.common.css.compiler.ast.GssParserTest" time="0.0"/>
  <testcase name="testUnquotedUrlWithWhitespace" classname="com.google.common.css.compiler.ast.GssParserTest" time="0.002"/>
  <testcase name="testParsingAttribute1" classname="com.google.common.css.compiler.ast.GssParserTest" time="0.0"/>
  <testcase name="testParsingAttribute2" classname="com.google.common.css.compiler.ast.GssParserTest" time="0.001"/>
  <testcase name="testNumericNodeLocation" classname="com.google.common.css.compiler.ast.GssParserTest" time="0.007"/>
  <testcase name="testIeRect" classname="com.google.common.css.compiler.ast.GssParserTest" time="0.0"/>
  <testcase name="testForLoopWithStep" classname="com.google.common.css.compiler.ast.GssParserTest" time="0.0"/>
  <testcase name="testMediaQueryRatioWithTrailingSpaces" classname="com.google.common.css.compiler.ast.GssParserTest" time="0.0"/>
  <testcase name="testMixins" classname="com.google.common.css.compiler.ast.GssParserTest" time="0.001"/>
  <testcase name="testPseudoNot" classname="com.google.common.css.compiler.ast.GssParserTest" time="0.002"/>
  <testcase name="testPseudoNth" classname="com.google.common.css.compiler.ast.GssParserTest" time="0.003"/>
  <testcase name="testDollarEqualAttribute" classname="com.google.common.css.compiler.ast.GssParserTest" time="0.0"/>
  <testcase name="testCalc_simpleConstant" classname="com.google.common.css.compiler.ast.GssParserTest" time="0.001"/>
  <testcase name="testWebkitGradient" classname="com.google.common.css.compiler.ast.GssParserTest" time="0.001"/>
  <testcase name="testNoValueShouldFailCustomDeclaration" classname="com.google.common.css.compiler.ast.GssParserTest" time="0.001"/>
  <testcase name="testUrlOfFunctionOfId" classname="com.google.common.css.compiler.ast.GssParserTest" time="0.001"/>
  <testcase name="testPipeEqualAttribute" classname="com.google.common.css.compiler.ast.GssParserTest" time="0.0"/>
  <testcase name="testEmptyUrl" classname="com.google.common.css.compiler.ast.GssParserTest" time="0.0"/>
  <testcase name="testParsingExpr1" classname="com.google.common.css.compiler.ast.GssParserTest" time="0.0"/>
  <testcase name="testParsingExpr2" classname="com.google.common.css.compiler.ast.GssParserTest" time="0.001"/>
  <testcase name="testParsingExpr3" classname="com.google.common.css.compiler.ast.GssParserTest" time="0.001"/>
  <testcase name="testFunctionApplicationUrl" classname="com.google.common.css.compiler.ast.GssParserTest" time="0.001"/>
  <testcase name="testSelectorWithSpace" classname="com.google.common.css.compiler.ast.GssParserTest" time="0.001"/>
  <testcase name="testPseudoElements" classname="com.google.common.css.compiler.ast.GssParserTest" time="0.001"/>
  <testcase name="testCalc_nestedConstant" classname="com.google.common.css.compiler.ast.GssParserTest" time="0.001"/>
  <testcase name="testParsingFilterFunctions" classname="com.google.common.css.compiler.ast.GssParserTest" time="0.0"/>
  <system-out><![CDATA[]]></system-out>
  <system-err><![CDATA[]]></system-err>
</testsuite>
