<?xml version="1.0" encoding="UTF-8"?>
<testsuite name="com.google.common.css.compiler.passes.RemoveVendorSpecificPropertiesTest" tests="4" skipped="0" failures="0" errors="0" timestamp="2021-07-14T13:58:49" hostname="Patrick-MBP.fritz.box" time="0.008">
  <properties/>
  <testcase name="testAllowOpera" classname="com.google.common.css.compiler.passes.RemoveVendorSpecificPropertiesTest" time="0.003"/>
  <testcase name="testAllowMicrosoft" classname="com.google.common.css.compiler.passes.RemoveVendorSpecificPropertiesTest" time="0.001"/>
  <testcase name="testAllowWebkit" classname="com.google.common.css.compiler.passes.RemoveVendorSpecificPropertiesTest" time="0.001"/>
  <testcase name="testAllowMozilla" classname="com.google.common.css.compiler.passes.RemoveVendorSpecificPropertiesTest" time="0.002"/>
  <system-out><![CDATA[]]></system-out>
  <system-err><![CDATA[]]></system-err>
</testsuite>
