<?xml version="1.0" encoding="UTF-8"?>
<testsuite name="com.google.common.css.compiler.passes.ValidatePropertyValuesTest" tests="2" skipped="0" failures="0" errors="0" timestamp="2021-07-14T13:58:49" hostname="Patrick-MBP.fritz.box" time="0.005">
  <properties/>
  <testcase name="testUnicodeRangeLegalPatterns" classname="com.google.common.css.compiler.passes.ValidatePropertyValuesTest" time="0.003"/>
  <testcase name="testUnicodeRangeOutOfRangePatterns" classname="com.google.common.css.compiler.passes.ValidatePropertyValuesTest" time="0.002"/>
  <system-out><![CDATA[]]></system-out>
  <system-err><![CDATA[]]></system-err>
</testsuite>
