<?xml version="1.0" encoding="UTF-8"?>
<testsuite name="com.google.common.css.compiler.passes.FixupFontDeclarationsTest" tests="37" skipped="0" failures="0" errors="0" timestamp="2021-07-14T13:58:49" hostname="Patrick-MBP.fritz.box" time="0.132">
  <properties/>
  <testcase name="testTooManyVariants" classname="com.google.common.css.compiler.passes.FixupFontDeclarationsTest" time="0.042"/>
  <testcase name="testFontFamilyInherit" classname="com.google.common.css.compiler.passes.FixupFontDeclarationsTest" time="0.004"/>
  <testcase name="testTooManyWeights" classname="com.google.common.css.compiler.passes.FixupFontDeclarationsTest" time="0.001"/>
  <testcase name="testFontInheritFamily" classname="com.google.common.css.compiler.passes.FixupFontDeclarationsTest" time="0.002"/>
  <testcase name="testNormalTooLate" classname="com.google.common.css.compiler.passes.FixupFontDeclarationsTest" time="0.002"/>
  <testcase name="testIdSequenceInShorthand" classname="com.google.common.css.compiler.passes.FixupFontDeclarationsTest" time="0.003"/>
  <testcase name="testTooManyNormals" classname="com.google.common.css.compiler.passes.FixupFontDeclarationsTest" time="0.002"/>
  <testcase name="testTooManyLineHeights" classname="com.google.common.css.compiler.passes.FixupFontDeclarationsTest" time="0.015"/>
  <testcase name="testFontJustInherit" classname="com.google.common.css.compiler.passes.FixupFontDeclarationsTest" time="0.001"/>
  <testcase name="testFontShorthandSizeAndLineHeight2" classname="com.google.common.css.compiler.passes.FixupFontDeclarationsTest" time="0.004"/>
  <testcase name="testNormalAsAFontName2" classname="com.google.common.css.compiler.passes.FixupFontDeclarationsTest" time="0.002"/>
  <testcase name="testPreSizeInterloperSize" classname="com.google.common.css.compiler.passes.FixupFontDeclarationsTest" time="0.002"/>
  <testcase name="testFontWithNumericWeight" classname="com.google.common.css.compiler.passes.FixupFontDeclarationsTest" time="0.002"/>
  <testcase name="testIdSeqInFontShorthand" classname="com.google.common.css.compiler.passes.FixupFontDeclarationsTest" time="0.003"/>
  <testcase name="testNormalAsAFontName" classname="com.google.common.css.compiler.passes.FixupFontDeclarationsTest" time="0.001"/>
  <testcase name="testIdSequenceFontFamilies" classname="com.google.common.css.compiler.passes.FixupFontDeclarationsTest" time="0.003"/>
  <testcase name="testFontShorthandPresize" classname="com.google.common.css.compiler.passes.FixupFontDeclarationsTest" time="0.002"/>
  <testcase name="testTooManyFontSizes" classname="com.google.common.css.compiler.passes.FixupFontDeclarationsTest" time="0.004"/>
  <testcase name="testFontShorthandGssUse" classname="com.google.common.css.compiler.passes.FixupFontDeclarationsTest" time="0.003"/>
  <testcase name="testFontShorthandImportant" classname="com.google.common.css.compiler.passes.FixupFontDeclarationsTest" time="0.001"/>
  <testcase name="testFontShorthandSizeFamilyNoSemi" classname="com.google.common.css.compiler.passes.FixupFontDeclarationsTest" time="0.002"/>
  <testcase name="testFontFamilyAssociativity" classname="com.google.common.css.compiler.passes.FixupFontDeclarationsTest" time="0.001"/>
  <testcase name="testFontShorthandSizeAndLineHeight" classname="com.google.common.css.compiler.passes.FixupFontDeclarationsTest" time="0.002"/>
  <testcase name="testFontShorthandSystem" classname="com.google.common.css.compiler.passes.FixupFontDeclarationsTest" time="0.002"/>
  <testcase name="testTooManyPreLineHeight" classname="com.google.common.css.compiler.passes.FixupFontDeclarationsTest" time="0.002"/>
  <testcase name="testFontVariantSizeFamily" classname="com.google.common.css.compiler.passes.FixupFontDeclarationsTest" time="0.001"/>
  <testcase name="testFontFamilyImportant" classname="com.google.common.css.compiler.passes.FixupFontDeclarationsTest" time="0.002"/>
  <testcase name="testSizeHeightSize" classname="com.google.common.css.compiler.passes.FixupFontDeclarationsTest" time="0.002"/>
  <testcase name="testTooManyPreSize" classname="com.google.common.css.compiler.passes.FixupFontDeclarationsTest" time="0.002"/>
  <testcase name="testTooManyStyles" classname="com.google.common.css.compiler.passes.FixupFontDeclarationsTest" time="0.002"/>
  <testcase name="testSizeSizeHeight" classname="com.google.common.css.compiler.passes.FixupFontDeclarationsTest" time="0.001"/>
  <testcase name="testSizeAndFamilyRequired" classname="com.google.common.css.compiler.passes.FixupFontDeclarationsTest" time="0.002"/>
  <testcase name="testFontShorthandNoTailSwizzle" classname="com.google.common.css.compiler.passes.FixupFontDeclarationsTest" time="0.002"/>
  <testcase name="testFontShorthandSizeFamily" classname="com.google.common.css.compiler.passes.FixupFontDeclarationsTest" time="0.002"/>
  <testcase name="testTooManyLineHeightPairs" classname="com.google.common.css.compiler.passes.FixupFontDeclarationsTest" time="0.001"/>
  <testcase name="testFontShorthandVarFirst" classname="com.google.common.css.compiler.passes.FixupFontDeclarationsTest" time="0.001"/>
  <testcase name="testFontShorthandImportant2" classname="com.google.common.css.compiler.passes.FixupFontDeclarationsTest" time="0.001"/>
  <system-out><![CDATA[]]></system-out>
  <system-err><![CDATA[(com.google.common.css.compiler.ast.CssRootNode (com.google.common.css.compiler.ast.CssImportBlockNode)(com.google.common.css.compiler.ast.CssBlockNode (com.google.common.css.compiler.ast.CssRulesetNode (com.google.common.css.compiler.ast.CssSelectorListNode (com.google.common.css.compiler.ast.CssSelectorNode))(com.google.common.css.compiler.ast.CssDeclarationBlockNode (com.google.common.css.compiler.ast.CssDeclarationNode (com.google.common.css.compiler.ast.CssPropertyValueNode (com.google.common.css.compiler.ast.CssLiteralNode small-caps)(com.google.common.css.compiler.ast.CssLiteralNode small-caps)(com.google.common.css.compiler.ast.CssNumericNode 10px)(com.google.common.css.compiler.ast.CssLiteralNode helvetica)))))))
(com.google.common.css.compiler.ast.CssRootNode (com.google.common.css.compiler.ast.CssImportBlockNode)(com.google.common.css.compiler.ast.CssBlockNode (com.google.common.css.compiler.ast.CssRulesetNode (com.google.common.css.compiler.ast.CssSelectorListNode (com.google.common.css.compiler.ast.CssSelectorNode))(com.google.common.css.compiler.ast.CssDeclarationBlockNode (com.google.common.css.compiler.ast.CssDeclarationNode (com.google.common.css.compiler.ast.CssPropertyValueNode (com.google.common.css.compiler.ast.CssLiteralNode small-caps)(com.google.common.css.compiler.ast.CssLiteralNode small-caps)(com.google.common.css.compiler.ast.CssNumericNode 10px)(com.google.common.css.compiler.ast.CssCompositeValueNode (com.google.common.css.compiler.ast.CssLiteralNode helvetica))))))))
(com.google.common.css.compiler.ast.CssRootNode (com.google.common.css.compiler.ast.CssImportBlockNode)(com.google.common.css.compiler.ast.CssBlockNode (com.google.common.css.compiler.ast.CssRulesetNode (com.google.common.css.compiler.ast.CssSelectorListNode (com.google.common.css.compiler.ast.CssSelectorNode))(com.google.common.css.compiler.ast.CssDeclarationBlockNode (com.google.common.css.compiler.ast.CssDeclarationNode (com.google.common.css.compiler.ast.CssPropertyValueNode (com.google.common.css.compiler.ast.CssLiteralNode inherit)))))))
(com.google.common.css.compiler.ast.CssRootNode (com.google.common.css.compiler.ast.CssImportBlockNode)(com.google.common.css.compiler.ast.CssBlockNode (com.google.common.css.compiler.ast.CssRulesetNode (com.google.common.css.compiler.ast.CssSelectorListNode (com.google.common.css.compiler.ast.CssSelectorNode))(com.google.common.css.compiler.ast.CssDeclarationBlockNode (com.google.common.css.compiler.ast.CssDeclarationNode (com.google.common.css.compiler.ast.CssPropertyValueNode (com.google.common.css.compiler.ast.CssLiteralNode inherit)))))))
(com.google.common.css.compiler.ast.CssRootNode (com.google.common.css.compiler.ast.CssImportBlockNode)(com.google.common.css.compiler.ast.CssBlockNode (com.google.common.css.compiler.ast.CssRulesetNode (com.google.common.css.compiler.ast.CssSelectorListNode (com.google.common.css.compiler.ast.CssSelectorNode))(com.google.common.css.compiler.ast.CssDeclarationBlockNode (com.google.common.css.compiler.ast.CssDeclarationNode (com.google.common.css.compiler.ast.CssPropertyValueNode (com.google.common.css.compiler.ast.CssLiteralNode bold)(com.google.common.css.compiler.ast.CssNumericNode 800)(com.google.common.css.compiler.ast.CssNumericNode 72pt)(com.google.common.css.compiler.ast.CssLiteralNode serif)))))))
(com.google.common.css.compiler.ast.CssRootNode (com.google.common.css.compiler.ast.CssImportBlockNode)(com.google.common.css.compiler.ast.CssBlockNode (com.google.common.css.compiler.ast.CssRulesetNode (com.google.common.css.compiler.ast.CssSelectorListNode (com.google.common.css.compiler.ast.CssSelectorNode))(com.google.common.css.compiler.ast.CssDeclarationBlockNode (com.google.common.css.compiler.ast.CssDeclarationNode (com.google.common.css.compiler.ast.CssPropertyValueNode (com.google.common.css.compiler.ast.CssLiteralNode bold)(com.google.common.css.compiler.ast.CssNumericNode 800)(com.google.common.css.compiler.ast.CssNumericNode 72pt)(com.google.common.css.compiler.ast.CssCompositeValueNode (com.google.common.css.compiler.ast.CssLiteralNode serif))))))))
(com.google.common.css.compiler.ast.CssRootNode (com.google.common.css.compiler.ast.CssImportBlockNode)(com.google.common.css.compiler.ast.CssBlockNode (com.google.common.css.compiler.ast.CssRulesetNode (com.google.common.css.compiler.ast.CssSelectorListNode (com.google.common.css.compiler.ast.CssSelectorNode))(com.google.common.css.compiler.ast.CssDeclarationBlockNode (com.google.common.css.compiler.ast.CssDeclarationNode (com.google.common.css.compiler.ast.CssPropertyValueNode (com.google.common.css.compiler.ast.CssLiteralNode normal)(com.google.common.css.compiler.ast.CssNumericNode 95%)(com.google.common.css.compiler.ast.CssLiteralNode inherit)))))))
(com.google.common.css.compiler.ast.CssRootNode (com.google.common.css.compiler.ast.CssImportBlockNode)(com.google.common.css.compiler.ast.CssBlockNode (com.google.common.css.compiler.ast.CssRulesetNode (com.google.common.css.compiler.ast.CssSelectorListNode (com.google.common.css.compiler.ast.CssSelectorNode))(com.google.common.css.compiler.ast.CssDeclarationBlockNode (com.google.common.css.compiler.ast.CssDeclarationNode (com.google.common.css.compiler.ast.CssPropertyValueNode (com.google.common.css.compiler.ast.CssLiteralNode normal)(com.google.common.css.compiler.ast.CssNumericNode 95%)(com.google.common.css.compiler.ast.CssCompositeValueNode (com.google.common.css.compiler.ast.CssLiteralNode inherit))))))))
(com.google.common.css.compiler.ast.CssRootNode (com.google.common.css.compiler.ast.CssImportBlockNode)(com.google.common.css.compiler.ast.CssBlockNode (com.google.common.css.compiler.ast.CssRulesetNode (com.google.common.css.compiler.ast.CssSelectorListNode (com.google.common.css.compiler.ast.CssSelectorNode))(com.google.common.css.compiler.ast.CssDeclarationBlockNode (com.google.common.css.compiler.ast.CssDeclarationNode (com.google.common.css.compiler.ast.CssPropertyValueNode (com.google.common.css.compiler.ast.CssLiteralNode italic)(com.google.common.css.compiler.ast.CssLiteralNode bold)(com.google.common.css.compiler.ast.CssLiteralNode normal)(com.google.common.css.compiler.ast.CssLiteralNode normal)(com.google.common.css.compiler.ast.CssNumericNode 12pt)(com.google.common.css.compiler.ast.CssLiteralNode serif)))))))
(com.google.common.css.compiler.ast.CssRootNode (com.google.common.css.compiler.ast.CssImportBlockNode)(com.google.common.css.compiler.ast.CssBlockNode (com.google.common.css.compiler.ast.CssRulesetNode (com.google.common.css.compiler.ast.CssSelectorListNode (com.google.common.css.compiler.ast.CssSelectorNode))(com.google.common.css.compiler.ast.CssDeclarationBlockNode (com.google.common.css.compiler.ast.CssDeclarationNode (com.google.common.css.compiler.ast.CssPropertyValueNode (com.google.common.css.compiler.ast.CssLiteralNode italic)(com.google.common.css.compiler.ast.CssLiteralNode bold)(com.google.common.css.compiler.ast.CssLiteralNode normal)(com.google.common.css.compiler.ast.CssLiteralNode normal)(com.google.common.css.compiler.ast.CssNumericNode 12pt)(com.google.common.css.compiler.ast.CssCompositeValueNode (com.google.common.css.compiler.ast.CssLiteralNode serif))))))))
(com.google.common.css.compiler.ast.CssRootNode (com.google.common.css.compiler.ast.CssImportBlockNode)(com.google.common.css.compiler.ast.CssBlockNode (com.google.common.css.compiler.ast.CssRulesetNode (com.google.common.css.compiler.ast.CssSelectorListNode (com.google.common.css.compiler.ast.CssSelectorNode))(com.google.common.css.compiler.ast.CssDeclarationBlockNode (com.google.common.css.compiler.ast.CssDeclarationNode (com.google.common.css.compiler.ast.CssPropertyValueNode (com.google.common.css.compiler.ast.CssNumericNode 13px)(com.google.common.css.compiler.ast.CssLiteralNode Computer)(com.google.common.css.compiler.ast.CssCompositeValueNode (com.google.common.css.compiler.ast.CssLiteralNode Modern)(com.google.common.css.compiler.ast.CssCompositeValueNode (CompositeValueNodeOperator COMMA))(com.google.common.css.compiler.ast.CssLiteralNode Adobe))(com.google.common.css.compiler.ast.CssLiteralNode Caslon)(com.google.common.css.compiler.ast.CssCompositeValueNode (com.google.common.css.compiler.ast.CssLiteralNode Pro)(com.google.common.css.compiler.ast.CssCompositeValueNode (CompositeValueNodeOperator COMMA))(com.google.common.css.compiler.ast.CssLiteralNode serif))))))))
(com.google.common.css.compiler.ast.CssRootNode (com.google.common.css.compiler.ast.CssImportBlockNode)(com.google.common.css.compiler.ast.CssBlockNode (com.google.common.css.compiler.ast.CssRulesetNode (com.google.common.css.compiler.ast.CssSelectorListNode (com.google.common.css.compiler.ast.CssSelectorNode))(com.google.common.css.compiler.ast.CssDeclarationBlockNode (com.google.common.css.compiler.ast.CssDeclarationNode (com.google.common.css.compiler.ast.CssPropertyValueNode (com.google.common.css.compiler.ast.CssNumericNode 13px)(com.google.common.css.compiler.ast.CssCompositeValueNode (com.google.common.css.compiler.ast.CssLiteralNode Computer Modern)(com.google.common.css.compiler.ast.CssCompositeValueNode (CompositeValueNodeOperator COMMA))(com.google.common.css.compiler.ast.CssLiteralNode Adobe Caslon Pro)(com.google.common.css.compiler.ast.CssCompositeValueNode (CompositeValueNodeOperator COMMA))(com.google.common.css.compiler.ast.CssLiteralNode serif))))))))
(com.google.common.css.compiler.ast.CssRootNode (com.google.common.css.compiler.ast.CssImportBlockNode)(com.google.common.css.compiler.ast.CssBlockNode (com.google.common.css.compiler.ast.CssRulesetNode (com.google.common.css.compiler.ast.CssSelectorListNode (com.google.common.css.compiler.ast.CssSelectorNode))(com.google.common.css.compiler.ast.CssDeclarationBlockNode (com.google.common.css.compiler.ast.CssDeclarationNode (com.google.common.css.compiler.ast.CssPropertyValueNode (com.google.common.css.compiler.ast.CssLiteralNode normal)(com.google.common.css.compiler.ast.CssLiteralNode normal)(com.google.common.css.compiler.ast.CssLiteralNode normal)(com.google.common.css.compiler.ast.CssLiteralNode normal)(com.google.common.css.compiler.ast.CssNumericNode 8px)(com.google.common.css.compiler.ast.CssLiteralNode sans-serif)))))))
(com.google.common.css.compiler.ast.CssRootNode (com.google.common.css.compiler.ast.CssImportBlockNode)(com.google.common.css.compiler.ast.CssBlockNode (com.google.common.css.compiler.ast.CssRulesetNode (com.google.common.css.compiler.ast.CssSelectorListNode (com.google.common.css.compiler.ast.CssSelectorNode))(com.google.common.css.compiler.ast.CssDeclarationBlockNode (com.google.common.css.compiler.ast.CssDeclarationNode (com.google.common.css.compiler.ast.CssPropertyValueNode (com.google.common.css.compiler.ast.CssLiteralNode normal)(com.google.common.css.compiler.ast.CssLiteralNode normal)(com.google.common.css.compiler.ast.CssLiteralNode normal)(com.google.common.css.compiler.ast.CssLiteralNode normal)(com.google.common.css.compiler.ast.CssNumericNode 8px)(com.google.common.css.compiler.ast.CssCompositeValueNode (com.google.common.css.compiler.ast.CssLiteralNode sans-serif))))))))
(com.google.common.css.compiler.ast.CssRootNode (com.google.common.css.compiler.ast.CssImportBlockNode)(com.google.common.css.compiler.ast.CssBlockNode (com.google.common.css.compiler.ast.CssRulesetNode (com.google.common.css.compiler.ast.CssSelectorListNode (com.google.common.css.compiler.ast.CssSelectorNode))(com.google.common.css.compiler.ast.CssDeclarationBlockNode (com.google.common.css.compiler.ast.CssDeclarationNode (com.google.common.css.compiler.ast.CssPropertyValueNode (com.google.common.css.compiler.ast.CssCompositeValueNode (com.google.common.css.compiler.ast.CssNumericNode 1ex)(com.google.common.css.compiler.ast.CssCompositeValueNode (CompositeValueNodeOperator SLASH))(com.google.common.css.compiler.ast.CssNumericNode 2pt)(com.google.common.css.compiler.ast.CssCompositeValueNode (CompositeValueNodeOperator SLASH))(com.google.common.css.compiler.ast.CssNumericNode 4px))(com.google.common.css.compiler.ast.CssLiteralNode serif)))))))
(com.google.common.css.compiler.ast.CssRootNode (com.google.common.css.compiler.ast.CssImportBlockNode)(com.google.common.css.compiler.ast.CssBlockNode (com.google.common.css.compiler.ast.CssRulesetNode (com.google.common.css.compiler.ast.CssSelectorListNode (com.google.common.css.compiler.ast.CssSelectorNode))(com.google.common.css.compiler.ast.CssDeclarationBlockNode (com.google.common.css.compiler.ast.CssDeclarationNode (com.google.common.css.compiler.ast.CssPropertyValueNode (com.google.common.css.compiler.ast.CssNumericNode 1ex)(com.google.common.css.compiler.ast.CssLiteralNode /)(com.google.common.css.compiler.ast.CssNumericNode 2pt)(com.google.common.css.compiler.ast.CssCompositeValueNode (com.google.common.css.compiler.ast.CssLiteralNode serif))))))))
(com.google.common.css.compiler.ast.CssRootNode (com.google.common.css.compiler.ast.CssImportBlockNode)(com.google.common.css.compiler.ast.CssBlockNode (com.google.common.css.compiler.ast.CssRulesetNode (com.google.common.css.compiler.ast.CssSelectorListNode (com.google.common.css.compiler.ast.CssSelectorNode))(com.google.common.css.compiler.ast.CssDeclarationBlockNode (com.google.common.css.compiler.ast.CssDeclarationNode (com.google.common.css.compiler.ast.CssPropertyValueNode (com.google.common.css.compiler.ast.CssLiteralNode inherit)))))))
(com.google.common.css.compiler.ast.CssRootNode (com.google.common.css.compiler.ast.CssImportBlockNode)(com.google.common.css.compiler.ast.CssBlockNode (com.google.common.css.compiler.ast.CssRulesetNode (com.google.common.css.compiler.ast.CssSelectorListNode (com.google.common.css.compiler.ast.CssSelectorNode))(com.google.common.css.compiler.ast.CssDeclarationBlockNode (com.google.common.css.compiler.ast.CssDeclarationNode (com.google.common.css.compiler.ast.CssPropertyValueNode (com.google.common.css.compiler.ast.CssLiteralNode inherit)))))))
(com.google.common.css.compiler.ast.CssRootNode (com.google.common.css.compiler.ast.CssImportBlockNode)(com.google.common.css.compiler.ast.CssBlockNode (com.google.common.css.compiler.ast.CssRulesetNode (com.google.common.css.compiler.ast.CssSelectorListNode (com.google.common.css.compiler.ast.CssSelectorNode))(com.google.common.css.compiler.ast.CssDeclarationBlockNode (com.google.common.css.compiler.ast.CssDeclarationNode (com.google.common.css.compiler.ast.CssPropertyValueNode (com.google.common.css.compiler.ast.CssCompositeValueNode (com.google.common.css.compiler.ast.CssNumericNode 10px)(com.google.common.css.compiler.ast.CssCompositeValueNode (CompositeValueNodeOperator SLASH))(com.google.common.css.compiler.ast.CssNumericNode 12px))(com.google.common.css.compiler.ast.CssLiteralNode Arial)))))))
(com.google.common.css.compiler.ast.CssRootNode (com.google.common.css.compiler.ast.CssImportBlockNode)(com.google.common.css.compiler.ast.CssBlockNode (com.google.common.css.compiler.ast.CssRulesetNode (com.google.common.css.compiler.ast.CssSelectorListNode (com.google.common.css.compiler.ast.CssSelectorNode))(com.google.common.css.compiler.ast.CssDeclarationBlockNode (com.google.common.css.compiler.ast.CssDeclarationNode (com.google.common.css.compiler.ast.CssPropertyValueNode (com.google.common.css.compiler.ast.CssNumericNode 10px)(com.google.common.css.compiler.ast.CssLiteralNode /)(com.google.common.css.compiler.ast.CssNumericNode 12px)(com.google.common.css.compiler.ast.CssCompositeValueNode (com.google.common.css.compiler.ast.CssLiteralNode Arial))))))))
(com.google.common.css.compiler.ast.CssRootNode (com.google.common.css.compiler.ast.CssImportBlockNode)(com.google.common.css.compiler.ast.CssBlockNode (com.google.common.css.compiler.ast.CssRulesetNode (com.google.common.css.compiler.ast.CssSelectorListNode (com.google.common.css.compiler.ast.CssSelectorNode))(com.google.common.css.compiler.ast.CssDeclarationBlockNode (com.google.common.css.compiler.ast.CssDeclarationNode (com.google.common.css.compiler.ast.CssPropertyValueNode (com.google.common.css.compiler.ast.CssLiteralNode italic)(com.google.common.css.compiler.ast.CssLiteralNode bold)(com.google.common.css.compiler.ast.CssNumericNode 12pt)(com.google.common.css.compiler.ast.CssLiteralNode normal)))))))
(com.google.common.css.compiler.ast.CssRootNode (com.google.common.css.compiler.ast.CssImportBlockNode)(com.google.common.css.compiler.ast.CssBlockNode (com.google.common.css.compiler.ast.CssRulesetNode (com.google.common.css.compiler.ast.CssSelectorListNode (com.google.common.css.compiler.ast.CssSelectorNode))(com.google.common.css.compiler.ast.CssDeclarationBlockNode (com.google.common.css.compiler.ast.CssDeclarationNode (com.google.common.css.compiler.ast.CssPropertyValueNode (com.google.common.css.compiler.ast.CssLiteralNode italic)(com.google.common.css.compiler.ast.CssLiteralNode bold)(com.google.common.css.compiler.ast.CssNumericNode 12pt)(com.google.common.css.compiler.ast.CssCompositeValueNode (com.google.common.css.compiler.ast.CssLiteralNode normal))))))))
(com.google.common.css.compiler.ast.CssRootNode (com.google.common.css.compiler.ast.CssImportBlockNode)(com.google.common.css.compiler.ast.CssBlockNode (com.google.common.css.compiler.ast.CssRulesetNode (com.google.common.css.compiler.ast.CssSelectorListNode (com.google.common.css.compiler.ast.CssSelectorNode))(com.google.common.css.compiler.ast.CssDeclarationBlockNode (com.google.common.css.compiler.ast.CssDeclarationNode (com.google.common.css.compiler.ast.CssPropertyValueNode (com.google.common.css.compiler.ast.CssLiteralNode normal)(com.google.common.css.compiler.ast.CssLiteralNode normal)(com.google.common.css.compiler.ast.CssLiteralNode normal)(com.google.common.css.compiler.ast.CssLiteralNode serif)(com.google.common.css.compiler.ast.CssNumericNode 12px)(com.google.common.css.compiler.ast.CssLiteralNode sans-serif)))))))
(com.google.common.css.compiler.ast.CssRootNode (com.google.common.css.compiler.ast.CssImportBlockNode)(com.google.common.css.compiler.ast.CssBlockNode (com.google.common.css.compiler.ast.CssRulesetNode (com.google.common.css.compiler.ast.CssSelectorListNode (com.google.common.css.compiler.ast.CssSelectorNode))(com.google.common.css.compiler.ast.CssDeclarationBlockNode (com.google.common.css.compiler.ast.CssDeclarationNode (com.google.common.css.compiler.ast.CssPropertyValueNode (com.google.common.css.compiler.ast.CssLiteralNode normal)(com.google.common.css.compiler.ast.CssLiteralNode normal)(com.google.common.css.compiler.ast.CssLiteralNode normal)(com.google.common.css.compiler.ast.CssLiteralNode serif)(com.google.common.css.compiler.ast.CssNumericNode 12px)(com.google.common.css.compiler.ast.CssCompositeValueNode (com.google.common.css.compiler.ast.CssLiteralNode sans-serif))))))))
(com.google.common.css.compiler.ast.CssRootNode (com.google.common.css.compiler.ast.CssImportBlockNode)(com.google.common.css.compiler.ast.CssBlockNode (com.google.common.css.compiler.ast.CssRulesetNode (com.google.common.css.compiler.ast.CssSelectorListNode (com.google.common.css.compiler.ast.CssSelectorNode))(com.google.common.css.compiler.ast.CssDeclarationBlockNode (com.google.common.css.compiler.ast.CssDeclarationNode (com.google.common.css.compiler.ast.CssPropertyValueNode (com.google.common.css.compiler.ast.CssLiteralNode normal)(com.google.common.css.compiler.ast.CssLiteralNode normal)(com.google.common.css.compiler.ast.CssNumericNode 400)(com.google.common.css.compiler.ast.CssNumericNode 13px)(com.google.common.css.compiler.ast.CssCompositeValueNode (com.google.common.css.compiler.ast.CssLiteralNode arial)(com.google.common.css.compiler.ast.CssCompositeValueNode (CompositeValueNodeOperator COMMA))(com.google.common.css.compiler.ast.CssLiteralNode sans)(com.google.common.css.compiler.ast.CssCompositeValueNode (CompositeValueNodeOperator COMMA))(com.google.common.css.compiler.ast.CssLiteralNode sans-serif))))))))
(com.google.common.css.compiler.ast.CssRootNode (com.google.common.css.compiler.ast.CssImportBlockNode)(com.google.common.css.compiler.ast.CssBlockNode (com.google.common.css.compiler.ast.CssRulesetNode (com.google.common.css.compiler.ast.CssSelectorListNode (com.google.common.css.compiler.ast.CssSelectorNode))(com.google.common.css.compiler.ast.CssDeclarationBlockNode (com.google.common.css.compiler.ast.CssDeclarationNode (com.google.common.css.compiler.ast.CssPropertyValueNode (com.google.common.css.compiler.ast.CssLiteralNode normal)(com.google.common.css.compiler.ast.CssLiteralNode normal)(com.google.common.css.compiler.ast.CssNumericNode 400)(com.google.common.css.compiler.ast.CssNumericNode 13px)(com.google.common.css.compiler.ast.CssCompositeValueNode (com.google.common.css.compiler.ast.CssLiteralNode arial)(com.google.common.css.compiler.ast.CssCompositeValueNode (CompositeValueNodeOperator COMMA))(com.google.common.css.compiler.ast.CssLiteralNode sans)(com.google.common.css.compiler.ast.CssCompositeValueNode (CompositeValueNodeOperator COMMA))(com.google.common.css.compiler.ast.CssLiteralNode sans-serif))))))))
(com.google.common.css.compiler.ast.CssRootNode (com.google.common.css.compiler.ast.CssImportBlockNode)(com.google.common.css.compiler.ast.CssBlockNode (com.google.common.css.compiler.ast.CssRulesetNode (com.google.common.css.compiler.ast.CssSelectorListNode (com.google.common.css.compiler.ast.CssSelectorNode))(com.google.common.css.compiler.ast.CssDeclarationBlockNode (com.google.common.css.compiler.ast.CssDeclarationNode (com.google.common.css.compiler.ast.CssPropertyValueNode (com.google.common.css.compiler.ast.CssLiteralNode bold)(com.google.common.css.compiler.ast.CssNumericNode 12px)(com.google.common.css.compiler.ast.CssCompositeValueNode (com.google.common.css.compiler.ast.CssLiteralNode arial)(com.google.common.css.compiler.ast.CssCompositeValueNode (CompositeValueNodeOperator COMMA))(com.google.common.css.compiler.ast.CssLiteralNode serif))))))))
(com.google.common.css.compiler.ast.CssRootNode (com.google.common.css.compiler.ast.CssImportBlockNode)(com.google.common.css.compiler.ast.CssBlockNode (com.google.common.css.compiler.ast.CssRulesetNode (com.google.common.css.compiler.ast.CssSelectorListNode (com.google.common.css.compiler.ast.CssSelectorNode))(com.google.common.css.compiler.ast.CssDeclarationBlockNode (com.google.common.css.compiler.ast.CssDeclarationNode (com.google.common.css.compiler.ast.CssPropertyValueNode (com.google.common.css.compiler.ast.CssLiteralNode bold)(com.google.common.css.compiler.ast.CssNumericNode 12px)(com.google.common.css.compiler.ast.CssCompositeValueNode (com.google.common.css.compiler.ast.CssLiteralNode arial)(com.google.common.css.compiler.ast.CssCompositeValueNode (CompositeValueNodeOperator COMMA))(com.google.common.css.compiler.ast.CssLiteralNode serif))))))))
(com.google.common.css.compiler.ast.CssRootNode (com.google.common.css.compiler.ast.CssImportBlockNode)(com.google.common.css.compiler.ast.CssBlockNode (com.google.common.css.compiler.ast.CssRulesetNode (com.google.common.css.compiler.ast.CssSelectorListNode (com.google.common.css.compiler.ast.CssSelectorNode))(com.google.common.css.compiler.ast.CssDeclarationBlockNode (com.google.common.css.compiler.ast.CssDeclarationNode (com.google.common.css.compiler.ast.CssPropertyValueNode (com.google.common.css.compiler.ast.CssLiteralNode italic)(com.google.common.css.compiler.ast.CssNumericNode 3.14em)(com.google.common.css.compiler.ast.CssLiteralNode normal)))))))
(com.google.common.css.compiler.ast.CssRootNode (com.google.common.css.compiler.ast.CssImportBlockNode)(com.google.common.css.compiler.ast.CssBlockNode (com.google.common.css.compiler.ast.CssRulesetNode (com.google.common.css.compiler.ast.CssSelectorListNode (com.google.common.css.compiler.ast.CssSelectorNode))(com.google.common.css.compiler.ast.CssDeclarationBlockNode (com.google.common.css.compiler.ast.CssDeclarationNode (com.google.common.css.compiler.ast.CssPropertyValueNode (com.google.common.css.compiler.ast.CssLiteralNode italic)(com.google.common.css.compiler.ast.CssNumericNode 3.14em)(com.google.common.css.compiler.ast.CssCompositeValueNode (com.google.common.css.compiler.ast.CssLiteralNode normal))))))))
(com.google.common.css.compiler.ast.CssRootNode (com.google.common.css.compiler.ast.CssImportBlockNode)(com.google.common.css.compiler.ast.CssBlockNode (com.google.common.css.compiler.ast.CssRulesetNode (com.google.common.css.compiler.ast.CssSelectorListNode (com.google.common.css.compiler.ast.CssSelectorNode))(com.google.common.css.compiler.ast.CssDeclarationBlockNode (com.google.common.css.compiler.ast.CssDeclarationNode (com.google.common.css.compiler.ast.CssPropertyValueNode (com.google.common.css.compiler.ast.CssCompositeValueNode (com.google.common.css.compiler.ast.CssLiteralNode a)(com.google.common.css.compiler.ast.CssCompositeValueNode (CompositeValueNodeOperator COMMA))(com.google.common.css.compiler.ast.CssLiteralNode b))(com.google.common.css.compiler.ast.CssLiteralNode c)(com.google.common.css.compiler.ast.CssCompositeValueNode (com.google.common.css.compiler.ast.CssLiteralNode d)(com.google.common.css.compiler.ast.CssCompositeValueNode (CompositeValueNodeOperator COMMA))(com.google.common.css.compiler.ast.CssLiteralNode e))(com.google.common.css.compiler.ast.CssLiteralNode f)(com.google.common.css.compiler.ast.CssLiteralNode g)(com.google.common.css.compiler.ast.CssLiteralNode h)(com.google.common.css.compiler.ast.CssCompositeValueNode (com.google.common.css.compiler.ast.CssLiteralNode i)(com.google.common.css.compiler.ast.CssCompositeValueNode (CompositeValueNodeOperator COMMA))(com.google.common.css.compiler.ast.CssStringNode 'jkl'))))))))
(com.google.common.css.compiler.ast.CssRootNode (com.google.common.css.compiler.ast.CssImportBlockNode)(com.google.common.css.compiler.ast.CssBlockNode (com.google.common.css.compiler.ast.CssRulesetNode (com.google.common.css.compiler.ast.CssSelectorListNode (com.google.common.css.compiler.ast.CssSelectorNode))(com.google.common.css.compiler.ast.CssDeclarationBlockNode (com.google.common.css.compiler.ast.CssDeclarationNode (com.google.common.css.compiler.ast.CssPropertyValueNode (com.google.common.css.compiler.ast.CssCompositeValueNode (com.google.common.css.compiler.ast.CssLiteralNode a)(com.google.common.css.compiler.ast.CssCompositeValueNode (CompositeValueNodeOperator COMMA))(com.google.common.css.compiler.ast.CssLiteralNode b c d)(com.google.common.css.compiler.ast.CssCompositeValueNode (CompositeValueNodeOperator COMMA))(com.google.common.css.compiler.ast.CssLiteralNode e f g h i)(com.google.common.css.compiler.ast.CssCompositeValueNode (CompositeValueNodeOperator COMMA))(com.google.common.css.compiler.ast.CssStringNode 'jkl'))))))))
(com.google.common.css.compiler.ast.CssRootNode (com.google.common.css.compiler.ast.CssImportBlockNode)(com.google.common.css.compiler.ast.CssBlockNode (com.google.common.css.compiler.ast.CssRulesetNode (com.google.common.css.compiler.ast.CssSelectorListNode (com.google.common.css.compiler.ast.CssSelectorNode))(com.google.common.css.compiler.ast.CssDeclarationBlockNode (com.google.common.css.compiler.ast.CssDeclarationNode (com.google.common.css.compiler.ast.CssPropertyValueNode (com.google.common.css.compiler.ast.CssLiteralNode normal)(com.google.common.css.compiler.ast.CssNumericNode 13px)(com.google.common.css.compiler.ast.CssLiteralNode Frutiger)))))))
(com.google.common.css.compiler.ast.CssRootNode (com.google.common.css.compiler.ast.CssImportBlockNode)(com.google.common.css.compiler.ast.CssBlockNode (com.google.common.css.compiler.ast.CssRulesetNode (com.google.common.css.compiler.ast.CssSelectorListNode (com.google.common.css.compiler.ast.CssSelectorNode))(com.google.common.css.compiler.ast.CssDeclarationBlockNode (com.google.common.css.compiler.ast.CssDeclarationNode (com.google.common.css.compiler.ast.CssPropertyValueNode (com.google.common.css.compiler.ast.CssLiteralNode normal)(com.google.common.css.compiler.ast.CssNumericNode 13px)(com.google.common.css.compiler.ast.CssCompositeValueNode (com.google.common.css.compiler.ast.CssLiteralNode Frutiger))))))))
(com.google.common.css.compiler.ast.CssRootNode (com.google.common.css.compiler.ast.CssImportBlockNode)(com.google.common.css.compiler.ast.CssBlockNode (com.google.common.css.compiler.ast.CssRulesetNode (com.google.common.css.compiler.ast.CssSelectorListNode (com.google.common.css.compiler.ast.CssSelectorNode))(com.google.common.css.compiler.ast.CssDeclarationBlockNode (com.google.common.css.compiler.ast.CssDeclarationNode (com.google.common.css.compiler.ast.CssPropertyValueNode (com.google.common.css.compiler.ast.CssLiteralNode large)(com.google.common.css.compiler.ast.CssNumericNode 12pt)(com.google.common.css.compiler.ast.CssLiteralNode serif)))))))
(com.google.common.css.compiler.ast.CssRootNode (com.google.common.css.compiler.ast.CssImportBlockNode)(com.google.common.css.compiler.ast.CssBlockNode (com.google.common.css.compiler.ast.CssRulesetNode (com.google.common.css.compiler.ast.CssSelectorListNode (com.google.common.css.compiler.ast.CssSelectorNode))(com.google.common.css.compiler.ast.CssDeclarationBlockNode (com.google.common.css.compiler.ast.CssDeclarationNode (com.google.common.css.compiler.ast.CssPropertyValueNode (com.google.common.css.compiler.ast.CssLiteralNode large)(com.google.common.css.compiler.ast.CssNumericNode 12pt)(com.google.common.css.compiler.ast.CssLiteralNode serif)))))))
(com.google.common.css.compiler.ast.CssRootNode (com.google.common.css.compiler.ast.CssImportBlockNode)(com.google.common.css.compiler.ast.CssBlockNode (com.google.common.css.compiler.ast.CssRulesetNode (com.google.common.css.compiler.ast.CssSelectorListNode (com.google.common.css.compiler.ast.CssSelectorNode))(com.google.common.css.compiler.ast.CssDeclarationBlockNode (com.google.common.css.compiler.ast.CssDeclarationNode (com.google.common.css.compiler.ast.CssPropertyValueNode (com.google.common.css.compiler.ast.CssLiteralNode FG_COLOR)))))))
(com.google.common.css.compiler.ast.CssRootNode (com.google.common.css.compiler.ast.CssImportBlockNode)(com.google.common.css.compiler.ast.CssBlockNode (com.google.common.css.compiler.ast.CssRulesetNode (com.google.common.css.compiler.ast.CssSelectorListNode (com.google.common.css.compiler.ast.CssSelectorNode))(com.google.common.css.compiler.ast.CssDeclarationBlockNode (com.google.common.css.compiler.ast.CssDeclarationNode (com.google.common.css.compiler.ast.CssPropertyValueNode (com.google.common.css.compiler.ast.CssLiteralNode FG_COLOR)))))))
(com.google.common.css.compiler.ast.CssRootNode (com.google.common.css.compiler.ast.CssImportBlockNode)(com.google.common.css.compiler.ast.CssBlockNode (com.google.common.css.compiler.ast.CssRulesetNode (com.google.common.css.compiler.ast.CssSelectorListNode (com.google.common.css.compiler.ast.CssSelectorNode))(com.google.common.css.compiler.ast.CssDeclarationBlockNode (com.google.common.css.compiler.ast.CssDeclarationNode (com.google.common.css.compiler.ast.CssPropertyValueNode (com.google.common.css.compiler.ast.CssLiteralNode FGCOLOR)))))))
(com.google.common.css.compiler.ast.CssRootNode (com.google.common.css.compiler.ast.CssImportBlockNode)(com.google.common.css.compiler.ast.CssBlockNode (com.google.common.css.compiler.ast.CssRulesetNode (com.google.common.css.compiler.ast.CssSelectorListNode (com.google.common.css.compiler.ast.CssSelectorNode))(com.google.common.css.compiler.ast.CssDeclarationBlockNode (com.google.common.css.compiler.ast.CssDeclarationNode (com.google.common.css.compiler.ast.CssPropertyValueNode (com.google.common.css.compiler.ast.CssLiteralNode FGCOLOR)))))))
(com.google.common.css.compiler.ast.CssRootNode (com.google.common.css.compiler.ast.CssImportBlockNode)(com.google.common.css.compiler.ast.CssBlockNode (com.google.common.css.compiler.ast.CssRulesetNode (com.google.common.css.compiler.ast.CssSelectorListNode (com.google.common.css.compiler.ast.CssSelectorNode))(com.google.common.css.compiler.ast.CssDeclarationBlockNode (com.google.common.css.compiler.ast.CssDeclarationNode (com.google.common.css.compiler.ast.CssPropertyValueNode (com.google.common.css.compiler.ast.CssLiteralNode FGCOLOR)))))))
(com.google.common.css.compiler.ast.CssRootNode (com.google.common.css.compiler.ast.CssImportBlockNode)(com.google.common.css.compiler.ast.CssBlockNode (com.google.common.css.compiler.ast.CssRulesetNode (com.google.common.css.compiler.ast.CssSelectorListNode (com.google.common.css.compiler.ast.CssSelectorNode))(com.google.common.css.compiler.ast.CssDeclarationBlockNode (com.google.common.css.compiler.ast.CssDeclarationNode (com.google.common.css.compiler.ast.CssPropertyValueNode (com.google.common.css.compiler.ast.CssLiteralNode FGCOLOR)))))))
(com.google.common.css.compiler.ast.CssRootNode (com.google.common.css.compiler.ast.CssImportBlockNode)(com.google.common.css.compiler.ast.CssBlockNode (com.google.common.css.compiler.ast.CssRulesetNode (com.google.common.css.compiler.ast.CssSelectorListNode (com.google.common.css.compiler.ast.CssSelectorNode))(com.google.common.css.compiler.ast.CssDeclarationBlockNode (com.google.common.css.compiler.ast.CssDeclarationNode (com.google.common.css.compiler.ast.CssPropertyValueNode (com.google.common.css.compiler.ast.CssLiteralNode normal)(com.google.common.css.compiler.ast.CssLiteralNode SEARCHAC)(com.google.common.css.compiler.ast.CssPriorityNode !important)))))))
(com.google.common.css.compiler.ast.CssRootNode (com.google.common.css.compiler.ast.CssImportBlockNode)(com.google.common.css.compiler.ast.CssBlockNode (com.google.common.css.compiler.ast.CssRulesetNode (com.google.common.css.compiler.ast.CssSelectorListNode (com.google.common.css.compiler.ast.CssSelectorNode))(com.google.common.css.compiler.ast.CssDeclarationBlockNode (com.google.common.css.compiler.ast.CssDeclarationNode (com.google.common.css.compiler.ast.CssPropertyValueNode (com.google.common.css.compiler.ast.CssLiteralNode normal)(com.google.common.css.compiler.ast.CssLiteralNode SEARCHAC)(com.google.common.css.compiler.ast.CssPriorityNode !important)))))))
(com.google.common.css.compiler.ast.CssRootNode (com.google.common.css.compiler.ast.CssImportBlockNode)(com.google.common.css.compiler.ast.CssBlockNode (com.google.common.css.compiler.ast.CssRulesetNode (com.google.common.css.compiler.ast.CssSelectorListNode (com.google.common.css.compiler.ast.CssSelectorNode))(com.google.common.css.compiler.ast.CssDeclarationBlockNode (com.google.common.css.compiler.ast.CssDeclarationNode (com.google.common.css.compiler.ast.CssPropertyValueNode (com.google.common.css.compiler.ast.CssNumericNode 100%)(com.google.common.css.compiler.ast.CssStringNode "Adobe Garamond Premier Pro")))))))
(com.google.common.css.compiler.ast.CssRootNode (com.google.common.css.compiler.ast.CssImportBlockNode)(com.google.common.css.compiler.ast.CssBlockNode (com.google.common.css.compiler.ast.CssRulesetNode (com.google.common.css.compiler.ast.CssSelectorListNode (com.google.common.css.compiler.ast.CssSelectorNode))(com.google.common.css.compiler.ast.CssDeclarationBlockNode (com.google.common.css.compiler.ast.CssDeclarationNode (com.google.common.css.compiler.ast.CssPropertyValueNode (com.google.common.css.compiler.ast.CssNumericNode 100%)(com.google.common.css.compiler.ast.CssCompositeValueNode (com.google.common.css.compiler.ast.CssStringNode "Adobe Garamond Premier Pro"))))))))
(com.google.common.css.compiler.ast.CssRootNode (com.google.common.css.compiler.ast.CssImportBlockNode)(com.google.common.css.compiler.ast.CssBlockNode (com.google.common.css.compiler.ast.CssRulesetNode (com.google.common.css.compiler.ast.CssSelectorListNode (com.google.common.css.compiler.ast.CssSelectorNode))(com.google.common.css.compiler.ast.CssDeclarationBlockNode (com.google.common.css.compiler.ast.CssDeclarationNode (com.google.common.css.compiler.ast.CssPropertyValueNode (com.google.common.css.compiler.ast.CssLiteralNode a)(com.google.common.css.compiler.ast.CssCompositeValueNode (com.google.common.css.compiler.ast.CssLiteralNode b)(com.google.common.css.compiler.ast.CssCompositeValueNode (CompositeValueNodeOperator COMMA))(com.google.common.css.compiler.ast.CssLiteralNode c))))))))
(com.google.common.css.compiler.ast.CssRootNode (com.google.common.css.compiler.ast.CssImportBlockNode)(com.google.common.css.compiler.ast.CssBlockNode (com.google.common.css.compiler.ast.CssRulesetNode (com.google.common.css.compiler.ast.CssSelectorListNode (com.google.common.css.compiler.ast.CssSelectorNode))(com.google.common.css.compiler.ast.CssDeclarationBlockNode (com.google.common.css.compiler.ast.CssDeclarationNode (com.google.common.css.compiler.ast.CssPropertyValueNode (com.google.common.css.compiler.ast.CssCompositeValueNode (com.google.common.css.compiler.ast.CssLiteralNode a b)(com.google.common.css.compiler.ast.CssCompositeValueNode (CompositeValueNodeOperator COMMA))(com.google.common.css.compiler.ast.CssLiteralNode c))))))))
(com.google.common.css.compiler.ast.CssRootNode (com.google.common.css.compiler.ast.CssImportBlockNode)(com.google.common.css.compiler.ast.CssBlockNode (com.google.common.css.compiler.ast.CssRulesetNode (com.google.common.css.compiler.ast.CssSelectorListNode (com.google.common.css.compiler.ast.CssSelectorNode))(com.google.common.css.compiler.ast.CssDeclarationBlockNode (com.google.common.css.compiler.ast.CssDeclarationNode (com.google.common.css.compiler.ast.CssPropertyValueNode (com.google.common.css.compiler.ast.CssCompositeValueNode (com.google.common.css.compiler.ast.CssNumericNode 1em)(com.google.common.css.compiler.ast.CssCompositeValueNode (CompositeValueNodeOperator SLASH))(com.google.common.css.compiler.ast.CssNumericNode 1.3em))(com.google.common.css.compiler.ast.CssStringNode "Roboto")))))))
(com.google.common.css.compiler.ast.CssRootNode (com.google.common.css.compiler.ast.CssImportBlockNode)(com.google.common.css.compiler.ast.CssBlockNode (com.google.common.css.compiler.ast.CssRulesetNode (com.google.common.css.compiler.ast.CssSelectorListNode (com.google.common.css.compiler.ast.CssSelectorNode))(com.google.common.css.compiler.ast.CssDeclarationBlockNode (com.google.common.css.compiler.ast.CssDeclarationNode (com.google.common.css.compiler.ast.CssPropertyValueNode (com.google.common.css.compiler.ast.CssNumericNode 1em)(com.google.common.css.compiler.ast.CssLiteralNode /)(com.google.common.css.compiler.ast.CssNumericNode 1.3em)(com.google.common.css.compiler.ast.CssCompositeValueNode (com.google.common.css.compiler.ast.CssStringNode "Roboto"))))))))
(com.google.common.css.compiler.ast.CssRootNode (com.google.common.css.compiler.ast.CssImportBlockNode)(com.google.common.css.compiler.ast.CssBlockNode (com.google.common.css.compiler.ast.CssRulesetNode (com.google.common.css.compiler.ast.CssSelectorListNode (com.google.common.css.compiler.ast.CssSelectorNode))(com.google.common.css.compiler.ast.CssDeclarationBlockNode (com.google.common.css.compiler.ast.CssDeclarationNode (com.google.common.css.compiler.ast.CssPropertyValueNode (com.google.common.css.compiler.ast.CssLiteralNode status-bar)))))))
(com.google.common.css.compiler.ast.CssRootNode (com.google.common.css.compiler.ast.CssImportBlockNode)(com.google.common.css.compiler.ast.CssBlockNode (com.google.common.css.compiler.ast.CssRulesetNode (com.google.common.css.compiler.ast.CssSelectorListNode (com.google.common.css.compiler.ast.CssSelectorNode))(com.google.common.css.compiler.ast.CssDeclarationBlockNode (com.google.common.css.compiler.ast.CssDeclarationNode (com.google.common.css.compiler.ast.CssPropertyValueNode (com.google.common.css.compiler.ast.CssLiteralNode status-bar)))))))
(com.google.common.css.compiler.ast.CssRootNode (com.google.common.css.compiler.ast.CssImportBlockNode)(com.google.common.css.compiler.ast.CssBlockNode (com.google.common.css.compiler.ast.CssRulesetNode (com.google.common.css.compiler.ast.CssSelectorListNode (com.google.common.css.compiler.ast.CssSelectorNode))(com.google.common.css.compiler.ast.CssDeclarationBlockNode (com.google.common.css.compiler.ast.CssDeclarationNode (com.google.common.css.compiler.ast.CssPropertyValueNode (com.google.common.css.compiler.ast.CssLiteralNode status-bar)))))))
(com.google.common.css.compiler.ast.CssRootNode (com.google.common.css.compiler.ast.CssImportBlockNode)(com.google.common.css.compiler.ast.CssBlockNode (com.google.common.css.compiler.ast.CssRulesetNode (com.google.common.css.compiler.ast.CssSelectorListNode (com.google.common.css.compiler.ast.CssSelectorNode))(com.google.common.css.compiler.ast.CssDeclarationBlockNode (com.google.common.css.compiler.ast.CssDeclarationNode (com.google.common.css.compiler.ast.CssPropertyValueNode (com.google.common.css.compiler.ast.CssLiteralNode status-bar)))))))
(com.google.common.css.compiler.ast.CssRootNode (com.google.common.css.compiler.ast.CssImportBlockNode)(com.google.common.css.compiler.ast.CssBlockNode (com.google.common.css.compiler.ast.CssRulesetNode (com.google.common.css.compiler.ast.CssSelectorListNode (com.google.common.css.compiler.ast.CssSelectorNode))(com.google.common.css.compiler.ast.CssDeclarationBlockNode (com.google.common.css.compiler.ast.CssDeclarationNode (com.google.common.css.compiler.ast.CssPropertyValueNode (com.google.common.css.compiler.ast.CssLiteralNode normal)(com.google.common.css.compiler.ast.CssLiteralNode italic)(com.google.common.css.compiler.ast.CssLiteralNode small-caps)(com.google.common.css.compiler.ast.CssLiteralNode bold)(com.google.common.css.compiler.ast.CssCompositeValueNode (com.google.common.css.compiler.ast.CssNumericNode 18px)(com.google.common.css.compiler.ast.CssCompositeValueNode (CompositeValueNodeOperator SLASH))(com.google.common.css.compiler.ast.CssNumericNode 20px))(com.google.common.css.compiler.ast.CssLiteralNode serif)))))))
(com.google.common.css.compiler.ast.CssRootNode (com.google.common.css.compiler.ast.CssImportBlockNode)(com.google.common.css.compiler.ast.CssBlockNode (com.google.common.css.compiler.ast.CssRulesetNode (com.google.common.css.compiler.ast.CssSelectorListNode (com.google.common.css.compiler.ast.CssSelectorNode))(com.google.common.css.compiler.ast.CssDeclarationBlockNode (com.google.common.css.compiler.ast.CssDeclarationNode (com.google.common.css.compiler.ast.CssPropertyValueNode (com.google.common.css.compiler.ast.CssLiteralNode normal)(com.google.common.css.compiler.ast.CssLiteralNode italic)(com.google.common.css.compiler.ast.CssLiteralNode small-caps)(com.google.common.css.compiler.ast.CssLiteralNode bold)(com.google.common.css.compiler.ast.CssNumericNode 18px)(com.google.common.css.compiler.ast.CssLiteralNode /)(com.google.common.css.compiler.ast.CssNumericNode 20px)(com.google.common.css.compiler.ast.CssCompositeValueNode (com.google.common.css.compiler.ast.CssLiteralNode serif))))))))
(com.google.common.css.compiler.ast.CssRootNode (com.google.common.css.compiler.ast.CssImportBlockNode)(com.google.common.css.compiler.ast.CssBlockNode (com.google.common.css.compiler.ast.CssRulesetNode (com.google.common.css.compiler.ast.CssSelectorListNode (com.google.common.css.compiler.ast.CssSelectorNode))(com.google.common.css.compiler.ast.CssDeclarationBlockNode (com.google.common.css.compiler.ast.CssDeclarationNode (com.google.common.css.compiler.ast.CssPropertyValueNode (com.google.common.css.compiler.ast.CssLiteralNode small-caps)(com.google.common.css.compiler.ast.CssNumericNode 13px)(com.google.common.css.compiler.ast.CssLiteralNode serif)))))))
(com.google.common.css.compiler.ast.CssRootNode (com.google.common.css.compiler.ast.CssImportBlockNode)(com.google.common.css.compiler.ast.CssBlockNode (com.google.common.css.compiler.ast.CssRulesetNode (com.google.common.css.compiler.ast.CssSelectorListNode (com.google.common.css.compiler.ast.CssSelectorNode))(com.google.common.css.compiler.ast.CssDeclarationBlockNode (com.google.common.css.compiler.ast.CssDeclarationNode (com.google.common.css.compiler.ast.CssPropertyValueNode (com.google.common.css.compiler.ast.CssLiteralNode small-caps)(com.google.common.css.compiler.ast.CssNumericNode 13px)(com.google.common.css.compiler.ast.CssCompositeValueNode (com.google.common.css.compiler.ast.CssLiteralNode serif))))))))
(com.google.common.css.compiler.ast.CssRootNode (com.google.common.css.compiler.ast.CssImportBlockNode)(com.google.common.css.compiler.ast.CssBlockNode (com.google.common.css.compiler.ast.CssRulesetNode (com.google.common.css.compiler.ast.CssSelectorListNode (com.google.common.css.compiler.ast.CssSelectorNode))(com.google.common.css.compiler.ast.CssDeclarationBlockNode (com.google.common.css.compiler.ast.CssDeclarationNode (com.google.common.css.compiler.ast.CssPropertyValueNode (com.google.common.css.compiler.ast.CssStringNode "Computer Modern")(com.google.common.css.compiler.ast.CssPriorityNode !important)))))))
(com.google.common.css.compiler.ast.CssRootNode (com.google.common.css.compiler.ast.CssImportBlockNode)(com.google.common.css.compiler.ast.CssBlockNode (com.google.common.css.compiler.ast.CssRulesetNode (com.google.common.css.compiler.ast.CssSelectorListNode (com.google.common.css.compiler.ast.CssSelectorNode))(com.google.common.css.compiler.ast.CssDeclarationBlockNode (com.google.common.css.compiler.ast.CssDeclarationNode (com.google.common.css.compiler.ast.CssPropertyValueNode (com.google.common.css.compiler.ast.CssCompositeValueNode (com.google.common.css.compiler.ast.CssStringNode "Computer Modern"))(com.google.common.css.compiler.ast.CssPriorityNode !important)))))))
(com.google.common.css.compiler.ast.CssRootNode (com.google.common.css.compiler.ast.CssImportBlockNode)(com.google.common.css.compiler.ast.CssBlockNode (com.google.common.css.compiler.ast.CssRulesetNode (com.google.common.css.compiler.ast.CssSelectorListNode (com.google.common.css.compiler.ast.CssSelectorNode))(com.google.common.css.compiler.ast.CssDeclarationBlockNode (com.google.common.css.compiler.ast.CssDeclarationNode (com.google.common.css.compiler.ast.CssPropertyValueNode (com.google.common.css.compiler.ast.CssCompositeValueNode (com.google.common.css.compiler.ast.CssNumericNode 1em)(com.google.common.css.compiler.ast.CssCompositeValueNode (CompositeValueNodeOperator SLASH))(com.google.common.css.compiler.ast.CssNumericNode 2em))(com.google.common.css.compiler.ast.CssNumericNode 3em)(com.google.common.css.compiler.ast.CssLiteralNode serif)))))))
(com.google.common.css.compiler.ast.CssRootNode (com.google.common.css.compiler.ast.CssImportBlockNode)(com.google.common.css.compiler.ast.CssBlockNode (com.google.common.css.compiler.ast.CssRulesetNode (com.google.common.css.compiler.ast.CssSelectorListNode (com.google.common.css.compiler.ast.CssSelectorNode))(com.google.common.css.compiler.ast.CssDeclarationBlockNode (com.google.common.css.compiler.ast.CssDeclarationNode (com.google.common.css.compiler.ast.CssPropertyValueNode (com.google.common.css.compiler.ast.CssCompositeValueNode (com.google.common.css.compiler.ast.CssNumericNode 1em)(com.google.common.css.compiler.ast.CssCompositeValueNode (CompositeValueNodeOperator SLASH))(com.google.common.css.compiler.ast.CssNumericNode 2em))(com.google.common.css.compiler.ast.CssNumericNode 3em)(com.google.common.css.compiler.ast.CssLiteralNode serif)))))))
(com.google.common.css.compiler.ast.CssRootNode (com.google.common.css.compiler.ast.CssImportBlockNode)(com.google.common.css.compiler.ast.CssBlockNode (com.google.common.css.compiler.ast.CssRulesetNode (com.google.common.css.compiler.ast.CssSelectorListNode (com.google.common.css.compiler.ast.CssSelectorNode))(com.google.common.css.compiler.ast.CssDeclarationBlockNode (com.google.common.css.compiler.ast.CssDeclarationNode (com.google.common.css.compiler.ast.CssPropertyValueNode (com.google.common.css.compiler.ast.CssLiteralNode normal)(com.google.common.css.compiler.ast.CssLiteralNode italic)(com.google.common.css.compiler.ast.CssLiteralNode small-caps)(com.google.common.css.compiler.ast.CssLiteralNode bold)(com.google.common.css.compiler.ast.CssNumericNode 18px)(com.google.common.css.compiler.ast.CssLiteralNode serif)))))))
(com.google.common.css.compiler.ast.CssRootNode (com.google.common.css.compiler.ast.CssImportBlockNode)(com.google.common.css.compiler.ast.CssBlockNode (com.google.common.css.compiler.ast.CssRulesetNode (com.google.common.css.compiler.ast.CssSelectorListNode (com.google.common.css.compiler.ast.CssSelectorNode))(com.google.common.css.compiler.ast.CssDeclarationBlockNode (com.google.common.css.compiler.ast.CssDeclarationNode (com.google.common.css.compiler.ast.CssPropertyValueNode (com.google.common.css.compiler.ast.CssLiteralNode normal)(com.google.common.css.compiler.ast.CssLiteralNode italic)(com.google.common.css.compiler.ast.CssLiteralNode small-caps)(com.google.common.css.compiler.ast.CssLiteralNode bold)(com.google.common.css.compiler.ast.CssNumericNode 18px)(com.google.common.css.compiler.ast.CssCompositeValueNode (com.google.common.css.compiler.ast.CssLiteralNode serif))))))))
(com.google.common.css.compiler.ast.CssRootNode (com.google.common.css.compiler.ast.CssImportBlockNode)(com.google.common.css.compiler.ast.CssBlockNode (com.google.common.css.compiler.ast.CssRulesetNode (com.google.common.css.compiler.ast.CssSelectorListNode (com.google.common.css.compiler.ast.CssSelectorNode))(com.google.common.css.compiler.ast.CssDeclarationBlockNode (com.google.common.css.compiler.ast.CssDeclarationNode (com.google.common.css.compiler.ast.CssPropertyValueNode (com.google.common.css.compiler.ast.CssLiteralNode italic)(com.google.common.css.compiler.ast.CssLiteralNode oblique)(com.google.common.css.compiler.ast.CssNumericNode 10px)(com.google.common.css.compiler.ast.CssLiteralNode helvetica)))))))
(com.google.common.css.compiler.ast.CssRootNode (com.google.common.css.compiler.ast.CssImportBlockNode)(com.google.common.css.compiler.ast.CssBlockNode (com.google.common.css.compiler.ast.CssRulesetNode (com.google.common.css.compiler.ast.CssSelectorListNode (com.google.common.css.compiler.ast.CssSelectorNode))(com.google.common.css.compiler.ast.CssDeclarationBlockNode (com.google.common.css.compiler.ast.CssDeclarationNode (com.google.common.css.compiler.ast.CssPropertyValueNode (com.google.common.css.compiler.ast.CssLiteralNode italic)(com.google.common.css.compiler.ast.CssLiteralNode oblique)(com.google.common.css.compiler.ast.CssNumericNode 10px)(com.google.common.css.compiler.ast.CssCompositeValueNode (com.google.common.css.compiler.ast.CssLiteralNode helvetica))))))))
(com.google.common.css.compiler.ast.CssRootNode (com.google.common.css.compiler.ast.CssImportBlockNode)(com.google.common.css.compiler.ast.CssBlockNode (com.google.common.css.compiler.ast.CssRulesetNode (com.google.common.css.compiler.ast.CssSelectorListNode (com.google.common.css.compiler.ast.CssSelectorNode))(com.google.common.css.compiler.ast.CssDeclarationBlockNode (com.google.common.css.compiler.ast.CssDeclarationNode (com.google.common.css.compiler.ast.CssPropertyValueNode (com.google.common.css.compiler.ast.CssNumericNode 3em)(com.google.common.css.compiler.ast.CssCompositeValueNode (com.google.common.css.compiler.ast.CssNumericNode 1em)(com.google.common.css.compiler.ast.CssCompositeValueNode (CompositeValueNodeOperator SLASH))(com.google.common.css.compiler.ast.CssNumericNode 2em))(com.google.common.css.compiler.ast.CssLiteralNode serif)))))))
(com.google.common.css.compiler.ast.CssRootNode (com.google.common.css.compiler.ast.CssImportBlockNode)(com.google.common.css.compiler.ast.CssBlockNode (com.google.common.css.compiler.ast.CssRulesetNode (com.google.common.css.compiler.ast.CssSelectorListNode (com.google.common.css.compiler.ast.CssSelectorNode))(com.google.common.css.compiler.ast.CssDeclarationBlockNode (com.google.common.css.compiler.ast.CssDeclarationNode (com.google.common.css.compiler.ast.CssPropertyValueNode (com.google.common.css.compiler.ast.CssNumericNode 3em)(com.google.common.css.compiler.ast.CssCompositeValueNode (com.google.common.css.compiler.ast.CssNumericNode 1em)(com.google.common.css.compiler.ast.CssCompositeValueNode (CompositeValueNodeOperator SLASH))(com.google.common.css.compiler.ast.CssNumericNode 2em))(com.google.common.css.compiler.ast.CssLiteralNode serif)))))))
(com.google.common.css.compiler.ast.CssRootNode (com.google.common.css.compiler.ast.CssImportBlockNode)(com.google.common.css.compiler.ast.CssBlockNode (com.google.common.css.compiler.ast.CssRulesetNode (com.google.common.css.compiler.ast.CssSelectorListNode (com.google.common.css.compiler.ast.CssSelectorNode))(com.google.common.css.compiler.ast.CssDeclarationBlockNode (com.google.common.css.compiler.ast.CssDeclarationNode (com.google.common.css.compiler.ast.CssPropertyValueNode (com.google.common.css.compiler.ast.CssNumericNode 12px)))))))
(com.google.common.css.compiler.ast.CssRootNode (com.google.common.css.compiler.ast.CssImportBlockNode)(com.google.common.css.compiler.ast.CssBlockNode (com.google.common.css.compiler.ast.CssRulesetNode (com.google.common.css.compiler.ast.CssSelectorListNode (com.google.common.css.compiler.ast.CssSelectorNode))(com.google.common.css.compiler.ast.CssDeclarationBlockNode (com.google.common.css.compiler.ast.CssDeclarationNode (com.google.common.css.compiler.ast.CssPropertyValueNode (com.google.common.css.compiler.ast.CssNumericNode 12px)))))))
(com.google.common.css.compiler.ast.CssRootNode (com.google.common.css.compiler.ast.CssImportBlockNode)(com.google.common.css.compiler.ast.CssBlockNode (com.google.common.css.compiler.ast.CssRulesetNode (com.google.common.css.compiler.ast.CssSelectorListNode (com.google.common.css.compiler.ast.CssSelectorNode))(com.google.common.css.compiler.ast.CssDeclarationBlockNode (com.google.common.css.compiler.ast.CssDeclarationNode (com.google.common.css.compiler.ast.CssPropertyValueNode (com.google.common.css.compiler.ast.CssLiteralNode serif)))))))
(com.google.common.css.compiler.ast.CssRootNode (com.google.common.css.compiler.ast.CssImportBlockNode)(com.google.common.css.compiler.ast.CssBlockNode (com.google.common.css.compiler.ast.CssRulesetNode (com.google.common.css.compiler.ast.CssSelectorListNode (com.google.common.css.compiler.ast.CssSelectorNode))(com.google.common.css.compiler.ast.CssDeclarationBlockNode (com.google.common.css.compiler.ast.CssDeclarationNode (com.google.common.css.compiler.ast.CssPropertyValueNode (com.google.common.css.compiler.ast.CssLiteralNode serif)))))))
(com.google.common.css.compiler.ast.CssRootNode (com.google.common.css.compiler.ast.CssImportBlockNode)(com.google.common.css.compiler.ast.CssBlockNode (com.google.common.css.compiler.ast.CssRulesetNode (com.google.common.css.compiler.ast.CssSelectorListNode (com.google.common.css.compiler.ast.CssSelectorNode))(com.google.common.css.compiler.ast.CssDeclarationBlockNode (com.google.common.css.compiler.ast.CssDeclarationNode (com.google.common.css.compiler.ast.CssPropertyValueNode (com.google.common.css.compiler.ast.CssLiteralNode bold)(com.google.common.css.compiler.ast.CssLiteralNode APP_MENU_FONT)))))))
(com.google.common.css.compiler.ast.CssRootNode (com.google.common.css.compiler.ast.CssImportBlockNode)(com.google.common.css.compiler.ast.CssBlockNode (com.google.common.css.compiler.ast.CssRulesetNode (com.google.common.css.compiler.ast.CssSelectorListNode (com.google.common.css.compiler.ast.CssSelectorNode))(com.google.common.css.compiler.ast.CssDeclarationBlockNode (com.google.common.css.compiler.ast.CssDeclarationNode (com.google.common.css.compiler.ast.CssPropertyValueNode (com.google.common.css.compiler.ast.CssLiteralNode bold)(com.google.common.css.compiler.ast.CssLiteralNode APP_MENU_FONT)))))))
(com.google.common.css.compiler.ast.CssRootNode (com.google.common.css.compiler.ast.CssImportBlockNode)(com.google.common.css.compiler.ast.CssBlockNode (com.google.common.css.compiler.ast.CssRulesetNode (com.google.common.css.compiler.ast.CssSelectorListNode (com.google.common.css.compiler.ast.CssSelectorNode))(com.google.common.css.compiler.ast.CssDeclarationBlockNode (com.google.common.css.compiler.ast.CssDeclarationNode (com.google.common.css.compiler.ast.CssPropertyValueNode (com.google.common.css.compiler.ast.CssNumericNode 100%)(com.google.common.css.compiler.ast.CssStringNode "Adobe Garamond Premier Pro")))))))
(com.google.common.css.compiler.ast.CssRootNode (com.google.common.css.compiler.ast.CssImportBlockNode)(com.google.common.css.compiler.ast.CssBlockNode (com.google.common.css.compiler.ast.CssRulesetNode (com.google.common.css.compiler.ast.CssSelectorListNode (com.google.common.css.compiler.ast.CssSelectorNode))(com.google.common.css.compiler.ast.CssDeclarationBlockNode (com.google.common.css.compiler.ast.CssDeclarationNode (com.google.common.css.compiler.ast.CssPropertyValueNode (com.google.common.css.compiler.ast.CssNumericNode 100%)(com.google.common.css.compiler.ast.CssCompositeValueNode (com.google.common.css.compiler.ast.CssStringNode "Adobe Garamond Premier Pro"))))))))
(com.google.common.css.compiler.ast.CssRootNode (com.google.common.css.compiler.ast.CssImportBlockNode)(com.google.common.css.compiler.ast.CssBlockNode (com.google.common.css.compiler.ast.CssRulesetNode (com.google.common.css.compiler.ast.CssSelectorListNode (com.google.common.css.compiler.ast.CssSelectorNode))(com.google.common.css.compiler.ast.CssDeclarationBlockNode (com.google.common.css.compiler.ast.CssDeclarationNode (com.google.common.css.compiler.ast.CssPropertyValueNode (com.google.common.css.compiler.ast.CssCompositeValueNode (com.google.common.css.compiler.ast.CssNumericNode 1ex)(com.google.common.css.compiler.ast.CssCompositeValueNode (CompositeValueNodeOperator SLASH))(com.google.common.css.compiler.ast.CssNumericNode 2pt))(com.google.common.css.compiler.ast.CssCompositeValueNode (com.google.common.css.compiler.ast.CssNumericNode 4px)(com.google.common.css.compiler.ast.CssCompositeValueNode (CompositeValueNodeOperator SLASH))(com.google.common.css.compiler.ast.CssNumericNode 8em))(com.google.common.css.compiler.ast.CssLiteralNode serif)))))))
(com.google.common.css.compiler.ast.CssRootNode (com.google.common.css.compiler.ast.CssImportBlockNode)(com.google.common.css.compiler.ast.CssBlockNode (com.google.common.css.compiler.ast.CssRulesetNode (com.google.common.css.compiler.ast.CssSelectorListNode (com.google.common.css.compiler.ast.CssSelectorNode))(com.google.common.css.compiler.ast.CssDeclarationBlockNode (com.google.common.css.compiler.ast.CssDeclarationNode (com.google.common.css.compiler.ast.CssPropertyValueNode (com.google.common.css.compiler.ast.CssCompositeValueNode (com.google.common.css.compiler.ast.CssNumericNode 1ex)(com.google.common.css.compiler.ast.CssCompositeValueNode (CompositeValueNodeOperator SLASH))(com.google.common.css.compiler.ast.CssNumericNode 2pt))(com.google.common.css.compiler.ast.CssCompositeValueNode (com.google.common.css.compiler.ast.CssNumericNode 4px)(com.google.common.css.compiler.ast.CssCompositeValueNode (CompositeValueNodeOperator SLASH))(com.google.common.css.compiler.ast.CssNumericNode 8em))(com.google.common.css.compiler.ast.CssLiteralNode serif)))))))
(com.google.common.css.compiler.ast.CssRootNode (com.google.common.css.compiler.ast.CssImportBlockNode)(com.google.common.css.compiler.ast.CssBlockNode (com.google.common.css.compiler.ast.CssRulesetNode (com.google.common.css.compiler.ast.CssSelectorListNode (com.google.common.css.compiler.ast.CssSelectorNode))(com.google.common.css.compiler.ast.CssDeclarationBlockNode (com.google.common.css.compiler.ast.CssDeclarationNode (com.google.common.css.compiler.ast.CssPropertyValueNode (com.google.common.css.compiler.ast.CssLiteralNode FONT_STYLE)(com.google.common.css.compiler.ast.CssNumericNode 14px)(com.google.common.css.compiler.ast.CssCompositeValueNode (com.google.common.css.compiler.ast.CssLiteralNode arial)(com.google.common.css.compiler.ast.CssCompositeValueNode (CompositeValueNodeOperator COMMA))(com.google.common.css.compiler.ast.CssLiteralNode sans-serif))))))))
(com.google.common.css.compiler.ast.CssRootNode (com.google.common.css.compiler.ast.CssImportBlockNode)(com.google.common.css.compiler.ast.CssBlockNode (com.google.common.css.compiler.ast.CssRulesetNode (com.google.common.css.compiler.ast.CssSelectorListNode (com.google.common.css.compiler.ast.CssSelectorNode))(com.google.common.css.compiler.ast.CssDeclarationBlockNode (com.google.common.css.compiler.ast.CssDeclarationNode (com.google.common.css.compiler.ast.CssPropertyValueNode (com.google.common.css.compiler.ast.CssLiteralNode FONT_STYLE)(com.google.common.css.compiler.ast.CssNumericNode 14px)(com.google.common.css.compiler.ast.CssCompositeValueNode (com.google.common.css.compiler.ast.CssLiteralNode arial)(com.google.common.css.compiler.ast.CssCompositeValueNode (CompositeValueNodeOperator COMMA))(com.google.common.css.compiler.ast.CssLiteralNode sans-serif))))))))
(com.google.common.css.compiler.ast.CssRootNode (com.google.common.css.compiler.ast.CssImportBlockNode)(com.google.common.css.compiler.ast.CssBlockNode (com.google.common.css.compiler.ast.CssRulesetNode (com.google.common.css.compiler.ast.CssSelectorListNode (com.google.common.css.compiler.ast.CssSelectorNode))(com.google.common.css.compiler.ast.CssDeclarationBlockNode (com.google.common.css.compiler.ast.CssDeclarationNode (com.google.common.css.compiler.ast.CssPropertyValueNode (com.google.common.css.compiler.ast.CssLiteralNode medium)(com.google.common.css.compiler.ast.CssStringNode "Computer Modern")(com.google.common.css.compiler.ast.CssPriorityNode !important)))))))
(com.google.common.css.compiler.ast.CssRootNode (com.google.common.css.compiler.ast.CssImportBlockNode)(com.google.common.css.compiler.ast.CssBlockNode (com.google.common.css.compiler.ast.CssRulesetNode (com.google.common.css.compiler.ast.CssSelectorListNode (com.google.common.css.compiler.ast.CssSelectorNode))(com.google.common.css.compiler.ast.CssDeclarationBlockNode (com.google.common.css.compiler.ast.CssDeclarationNode (com.google.common.css.compiler.ast.CssPropertyValueNode (com.google.common.css.compiler.ast.CssLiteralNode medium)(com.google.common.css.compiler.ast.CssCompositeValueNode (com.google.common.css.compiler.ast.CssStringNode "Computer Modern"))(com.google.common.css.compiler.ast.CssPriorityNode !important)))))))
]]></system-err>
</testsuite>
