<?xml version="1.0" encoding="UTF-8"?>
<testsuite name="com.google.common.css.SourceCodeLocationTest" tests="15" skipped="0" failures="0" errors="0" timestamp="2021-07-14T13:58:51" hostname="Patrick-MBP.fritz.box" time="0.002">
  <properties/>
  <testcase name="testMergeIterable_sameFileReverseOrderThree" classname="com.google.common.css.SourceCodeLocationTest" time="0.001"/>
  <testcase name="testCreation" classname="com.google.common.css.SourceCodeLocationTest" time="0.0"/>
  <testcase name="testMergeTwo_sameFileInWrongOrder" classname="com.google.common.css.SourceCodeLocationTest" time="0.0"/>
  <testcase name="testBadCreation1" classname="com.google.common.css.SourceCodeLocationTest" time="0.0"/>
  <testcase name="testMergeIterable_sameFileInOrderTwo" classname="com.google.common.css.SourceCodeLocationTest" time="0.001"/>
  <testcase name="testComparisonOfEqualLocations1" classname="com.google.common.css.SourceCodeLocationTest" time="0.0"/>
  <testcase name="testComparisonOfEqualLocations2" classname="com.google.common.css.SourceCodeLocationTest" time="0.0"/>
  <testcase name="testComparisonOfEqualLocations3" classname="com.google.common.css.SourceCodeLocationTest" time="0.0"/>
  <testcase name="testComparisonOfEqualLocations4" classname="com.google.common.css.SourceCodeLocationTest" time="0.0"/>
  <testcase name="testComparisonOfEqualLocations5" classname="com.google.common.css.SourceCodeLocationTest" time="0.0"/>
  <testcase name="testComparisonOfEqualLocations6" classname="com.google.common.css.SourceCodeLocationTest" time="0.0"/>
  <testcase name="testMergeTwo_differentFiles" classname="com.google.common.css.SourceCodeLocationTest" time="0.0"/>
  <testcase name="testMergeIterable_sameFileInOrderThree" classname="com.google.common.css.SourceCodeLocationTest" time="0.0"/>
  <testcase name="testMergeIterable_sameFileOutOfOrderThree" classname="com.google.common.css.SourceCodeLocationTest" time="0.0"/>
  <testcase name="testMergeTwo_sameFileInOrder" classname="com.google.common.css.SourceCodeLocationTest" time="0.0"/>
  <system-out><![CDATA[]]></system-out>
  <system-err><![CDATA[]]></system-err>
</testsuite>
