<?xml version="1.0" encoding="UTF-8"?>
<testsuite name="com.google.common.css.compiler.passes.CheckDependencyNodesTest" tests="4" skipped="0" failures="0" errors="0" timestamp="2021-07-14T13:58:48" hostname="Patrick-MBP.fritz.box" time="0.005">
  <properties/>
  <testcase name="testMissingProvide" classname="com.google.common.css.compiler.passes.CheckDependencyNodesTest" time="0.001"/>
  <testcase name="testDuplicateProvide" classname="com.google.common.css.compiler.passes.CheckDependencyNodesTest" time="0.001"/>
  <testcase name="testOrdinaryProvideRequire" classname="com.google.common.css.compiler.passes.CheckDependencyNodesTest" time="0.001"/>
  <testcase name="testDependencyOrder" classname="com.google.common.css.compiler.passes.CheckDependencyNodesTest" time="0.002"/>
  <system-out><![CDATA[]]></system-out>
  <system-err><![CDATA[]]></system-err>
</testsuite>
