<?xml version="1.0" encoding="UTF-8"?>
<testsuite name="com.google.common.css.compiler.ast.CssNodeTest" tests="3" skipped="0" failures="0" errors="0" timestamp="2021-07-14T13:58:51" hostname="Patrick-MBP.fritz.box" time="0.0">
  <properties/>
  <testcase name="testDeleteAsParent" classname="com.google.common.css.compiler.ast.CssNodeTest" time="0.0"/>
  <testcase name="testBecomeParent" classname="com.google.common.css.compiler.ast.CssNodeTest" time="0.0"/>
  <testcase name="testNodeCreation" classname="com.google.common.css.compiler.ast.CssNodeTest" time="0.0"/>
  <system-out><![CDATA[]]></system-out>
  <system-err><![CDATA[]]></system-err>
</testsuite>
