<?xml version="1.0" encoding="UTF-8"?>
<testsuite name="com.google.common.css.compiler.passes.CollectMixinDefinitionsTest" tests="7" skipped="0" failures="0" errors="0" timestamp="2021-07-14T13:58:49" hostname="Patrick-MBP.fritz.box" time="0.006">
  <properties/>
  <testcase name="testCollectedMixinDefinitions" classname="com.google.common.css.compiler.passes.CollectMixinDefinitionsTest" time="0.003"/>
  <testcase name="testDupilicateArgumentNames" classname="com.google.common.css.compiler.passes.CollectMixinDefinitionsTest" time="0.001"/>
  <testcase name="testInvalidBlock1" classname="com.google.common.css.compiler.passes.CollectMixinDefinitionsTest" time="0.0"/>
  <testcase name="testInvalidBlock2" classname="com.google.common.css.compiler.passes.CollectMixinDefinitionsTest" time="0.001"/>
  <testcase name="testSimpleMixinDefinition" classname="com.google.common.css.compiler.passes.CollectMixinDefinitionsTest" time="0.0"/>
  <testcase name="testInvalidArgument" classname="com.google.common.css.compiler.passes.CollectMixinDefinitionsTest" time="0.001"/>
  <testcase name="testDupilicateMixinDefinitionNames" classname="com.google.common.css.compiler.passes.CollectMixinDefinitionsTest" time="0.0"/>
  <system-out><![CDATA[]]></system-out>
  <system-err><![CDATA[]]></system-err>
</testsuite>
