<?xml version="1.0" encoding="UTF-8"?>
<testsuite name="com.google.common.css.compiler.passes.LocationBoundingVisitorTest" tests="3" skipped="0" failures="0" errors="0" timestamp="2021-07-14T13:58:49" hostname="Patrick-MBP.fritz.box" time="0.005">
  <properties/>
  <testcase name="testUnknown" classname="com.google.common.css.compiler.passes.LocationBoundingVisitorTest" time="0.004"/>
  <testcase name="testTrivialBound" classname="com.google.common.css.compiler.passes.LocationBoundingVisitorTest" time="0.0"/>
  <testcase name="testMixedSubtree" classname="com.google.common.css.compiler.passes.LocationBoundingVisitorTest" time="0.001"/>
  <system-out><![CDATA[]]></system-out>
  <system-err><![CDATA[]]></system-err>
</testsuite>
