<?xml version="1.0" encoding="UTF-8"?>
<testsuite name="com.google.common.css.compiler.passes.EliminateUselessRulesetNodesTest" tests="2" skipped="0" failures="0" errors="0" timestamp="2021-07-14T13:58:48" hostname="Patrick-MBP.fritz.box" time="0.029">
  <properties/>
  <testcase name="testEnterRulesetNode" classname="com.google.common.css.compiler.passes.EliminateUselessRulesetNodesTest" time="0.026"/>
  <testcase name="testRunPass" classname="com.google.common.css.compiler.passes.EliminateUselessRulesetNodesTest" time="0.003"/>
  <system-out><![CDATA[]]></system-out>
  <system-err><![CDATA[]]></system-err>
</testsuite>
