<?xml version="1.0" encoding="UTF-8"?>
<testsuite name="com.google.common.css.compiler.commandline.RenamingTypeTest" tests="4" skipped="0" failures="0" errors="0" timestamp="2021-07-14T13:58:50" hostname="Patrick-MBP.fritz.box" time="0.002">
  <properties/>
  <testcase name="testDebug" classname="com.google.common.css.compiler.commandline.RenamingTypeTest" time="0.001"/>
  <testcase name="testNone" classname="com.google.common.css.compiler.commandline.RenamingTypeTest" time="0.0"/>
  <testcase name="testClosureWithInputRenamingMap" classname="com.google.common.css.compiler.commandline.RenamingTypeTest" time="0.001"/>
  <testcase name="testClosure" classname="com.google.common.css.compiler.commandline.RenamingTypeTest" time="0.0"/>
  <system-out><![CDATA[]]></system-out>
  <system-err><![CDATA[]]></system-err>
</testsuite>
