<?xml version="1.0" encoding="UTF-8"?>
<testsuite name="com.google.common.css.compiler.ast.CssFunctionNodeTest" tests="3" skipped="0" failures="0" errors="0" timestamp="2021-07-14T13:58:50" hostname="Patrick-MBP.fritz.box" time="0.0">
  <properties/>
  <testcase name="testFunctionName" classname="com.google.common.css.compiler.ast.CssFunctionNodeTest" time="0.0"/>
  <testcase name="testFunctionArguments" classname="com.google.common.css.compiler.ast.CssFunctionNodeTest" time="0.0"/>
  <testcase name="testConstructor" classname="com.google.common.css.compiler.ast.CssFunctionNodeTest" time="0.0"/>
  <system-out><![CDATA[]]></system-out>
  <system-err><![CDATA[]]></system-err>
</testsuite>
