<?xml version="1.0" encoding="UTF-8"?>
<testsuite name="com.google.common.css.compiler.passes.MarkNonFlippableNodesTest" tests="6" skipped="0" failures="0" errors="0" timestamp="2021-07-14T13:58:50" hostname="Patrick-MBP.fritz.box" time="0.008">
  <properties/>
  <testcase name="testMarkNonFlippableRuleset" classname="com.google.common.css.compiler.passes.MarkNonFlippableNodesTest" time="0.003"/>
  <testcase name="testMisplacedAnnotation" classname="com.google.common.css.compiler.passes.MarkNonFlippableNodesTest" time="0.001"/>
  <testcase name="testMarkNonFlippableInConditional" classname="com.google.common.css.compiler.passes.MarkNonFlippableNodesTest" time="0.001"/>
  <testcase name="testMarkNonFlippableMedia" classname="com.google.common.css.compiler.passes.MarkNonFlippableNodesTest" time="0.001"/>
  <testcase name="testMarkNonFlippableConditional" classname="com.google.common.css.compiler.passes.MarkNonFlippableNodesTest" time="0.001"/>
  <testcase name="testMarkNonFlippableSingelDeclaration" classname="com.google.common.css.compiler.passes.MarkNonFlippableNodesTest" time="0.0"/>
  <system-out><![CDATA[]]></system-out>
  <system-err><![CDATA[]]></system-err>
</testsuite>
