<?xml version="1.0" encoding="UTF-8"?>
<testsuite name="com.google.common.css.compiler.passes.UnsafeMergeRulesetNodesTest" tests="3" skipped="0" failures="0" errors="0" timestamp="2021-07-14T13:58:49" hostname="Patrick-MBP.fritz.box" time="0.023">
  <properties/>
  <testcase name="testDeclarationComparator" classname="com.google.common.css.compiler.passes.UnsafeMergeRulesetNodesTest" time="0.023"/>
  <testcase name="testToStringIterableComparator" classname="com.google.common.css.compiler.passes.UnsafeMergeRulesetNodesTest" time="0.0"/>
  <testcase name="testToStringComparator" classname="com.google.common.css.compiler.passes.UnsafeMergeRulesetNodesTest" time="0.0"/>
  <system-out><![CDATA[]]></system-out>
  <system-err><![CDATA[]]></system-err>
</testsuite>
