<?xml version="1.0" encoding="UTF-8"?>
<testsuite name="com.google.common.css.compiler.passes.LoopVariableReplacementPassTest" tests="7" skipped="0" failures="0" errors="0" timestamp="2021-07-14T13:58:49" hostname="Patrick-MBP.fritz.box" time="0.004">
  <properties/>
  <testcase name="testClassRenaming" classname="com.google.common.css.compiler.passes.LoopVariableReplacementPassTest" time="0.001"/>
  <testcase name="testDefinitionReplacement" classname="com.google.common.css.compiler.passes.LoopVariableReplacementPassTest" time="0.001"/>
  <testcase name="testBasicPseudoClassReplacement" classname="com.google.common.css.compiler.passes.LoopVariableReplacementPassTest" time="0.0"/>
  <testcase name="testVariableInArgument" classname="com.google.common.css.compiler.passes.LoopVariableReplacementPassTest" time="0.001"/>
  <testcase name="testArgumentAOnlyPseudoClassReplacement" classname="com.google.common.css.compiler.passes.LoopVariableReplacementPassTest" time="0.0"/>
  <testcase name="testVariableInProperty" classname="com.google.common.css.compiler.passes.LoopVariableReplacementPassTest" time="0.0"/>
  <testcase name="testBothArgumentPseudoClassReplacement" classname="com.google.common.css.compiler.passes.LoopVariableReplacementPassTest" time="0.0"/>
  <system-out><![CDATA[]]></system-out>
  <system-err><![CDATA[]]></system-err>
</testsuite>
