<?xml version="1.0" encoding="UTF-8"?>
<testsuite name="com.google.common.css.compiler.passes.BiDiFlipperTest" tests="5" skipped="0" failures="0" errors="0" timestamp="2021-07-14T13:58:48" hostname="Patrick-MBP.fritz.box" time="0.013">
  <properties/>
  <testcase name="testEnterDeclaration1" classname="com.google.common.css.compiler.passes.BiDiFlipperTest" time="0.009"/>
  <testcase name="testEnterDeclaration2" classname="com.google.common.css.compiler.passes.BiDiFlipperTest" time="0.001"/>
  <testcase name="testSubPercentValues" classname="com.google.common.css.compiler.passes.BiDiFlipperTest" time="0.0"/>
  <testcase name="testBidiImportant" classname="com.google.common.css.compiler.passes.BiDiFlipperTest" time="0.001"/>
  <testcase name="testRunPass" classname="com.google.common.css.compiler.passes.BiDiFlipperTest" time="0.001"/>
  <system-out><![CDATA[]]></system-out>
  <system-err><![CDATA[]]></system-err>
</testsuite>
