<?xml version="1.0" encoding="UTF-8"?>
<testsuite name="com.google.common.css.compiler.passes.ResolveCustomFunctionNodesForChunksTest" tests="18" skipped="0" failures="0" errors="0" timestamp="2021-07-14T13:58:49" hostname="Patrick-MBP.fritz.box" time="0.025">
  <properties/>
  <testcase name="testFunctionWithDefInFunction" classname="com.google.common.css.compiler.passes.ResolveCustomFunctionNodesForChunksTest" time="0.004"/>
  <testcase name="testAlreadyDef1" classname="com.google.common.css.compiler.passes.ResolveCustomFunctionNodesForChunksTest" time="0.001"/>
  <testcase name="testAlreadyDef2" classname="com.google.common.css.compiler.passes.ResolveCustomFunctionNodesForChunksTest" time="0.002"/>
  <testcase name="testAlreadyDef3" classname="com.google.common.css.compiler.passes.ResolveCustomFunctionNodesForChunksTest" time="0.001"/>
  <testcase name="testCreateDef1" classname="com.google.common.css.compiler.passes.ResolveCustomFunctionNodesForChunksTest" time="0.001"/>
  <testcase name="testCreateDef2" classname="com.google.common.css.compiler.passes.ResolveCustomFunctionNodesForChunksTest" time="0.001"/>
  <testcase name="testNoFunctions" classname="com.google.common.css.compiler.passes.ResolveCustomFunctionNodesForChunksTest" time="0.001"/>
  <testcase name="testFunctionWithNoDefInFunction" classname="com.google.common.css.compiler.passes.ResolveCustomFunctionNodesForChunksTest" time="0.002"/>
  <testcase name="testAcceptBuiltInFunction" classname="com.google.common.css.compiler.passes.ResolveCustomFunctionNodesForChunksTest" time="0.0"/>
  <testcase name="testMax" classname="com.google.common.css.compiler.passes.ResolveCustomFunctionNodesForChunksTest" time="0.0"/>
  <testcase name="testMinus" classname="com.google.common.css.compiler.passes.ResolveCustomFunctionNodesForChunksTest" time="0.001"/>
  <testcase name="testPlus" classname="com.google.common.css.compiler.passes.ResolveCustomFunctionNodesForChunksTest" time="0.002"/>
  <testcase name="testUnknownFunctionAllowed" classname="com.google.common.css.compiler.passes.ResolveCustomFunctionNodesForChunksTest" time="0.001"/>
  <testcase name="testFunctionWithinFunction" classname="com.google.common.css.compiler.passes.ResolveCustomFunctionNodesForChunksTest" time="0.001"/>
  <testcase name="testUnknownFunctionError" classname="com.google.common.css.compiler.passes.ResolveCustomFunctionNodesForChunksTest" time="0.001"/>
  <testcase name="testWrongArgumentError1" classname="com.google.common.css.compiler.passes.ResolveCustomFunctionNodesForChunksTest" time="0.002"/>
  <testcase name="testWrongNumberOfArgsError" classname="com.google.common.css.compiler.passes.ResolveCustomFunctionNodesForChunksTest" time="0.002"/>
  <testcase name="testMultiply" classname="com.google.common.css.compiler.passes.ResolveCustomFunctionNodesForChunksTest" time="0.001"/>
  <system-out><![CDATA[]]></system-out>
  <system-err><![CDATA[]]></system-err>
</testsuite>
