<?xml version="1.0" encoding="UTF-8"?>
<testsuite name="com.google.common.css.compiler.passes.CssClassRenamingTest" tests="6" skipped="0" failures="0" errors="0" timestamp="2021-07-14T13:58:49" hostname="Patrick-MBP.fritz.box" time="0.03">
  <properties/>
  <testcase name="testEnterClassRefiner" classname="com.google.common.css.compiler.passes.CssClassRenamingTest" time="0.002"/>
  <testcase name="testEnterIdRefiner" classname="com.google.common.css.compiler.passes.CssClassRenamingTest" time="0.001"/>
  <testcase name="testNoClassSubstitutionWhenClassNotFoundInMap" classname="com.google.common.css.compiler.passes.CssClassRenamingTest" time="0.02"/>
  <testcase name="testNoSubstitutionWithNullMap" classname="com.google.common.css.compiler.passes.CssClassRenamingTest" time="0.0"/>
  <testcase name="testRunPass" classname="com.google.common.css.compiler.passes.CssClassRenamingTest" time="0.001"/>
  <testcase name="testNoIdSubstitutionWhenIdNotFoundInMap" classname="com.google.common.css.compiler.passes.CssClassRenamingTest" time="0.003"/>
  <system-out><![CDATA[]]></system-out>
  <system-err><![CDATA[]]></system-err>
</testsuite>
