<?xml version="1.0" encoding="UTF-8"?>
<testsuite name="com.google.common.css.compiler.ast.StringCharStreamTest" tests="4" skipped="0" failures="0" errors="0" timestamp="2021-07-14T13:58:51" hostname="Patrick-MBP.fritz.box" time="0.001">
  <properties/>
  <testcase name="testLocation" classname="com.google.common.css.compiler.ast.StringCharStreamTest" time="0.0"/>
  <testcase name="testGetImageAndGetSuffix" classname="com.google.common.css.compiler.ast.StringCharStreamTest" time="0.001"/>
  <testcase name="testConvertCharacterIndex" classname="com.google.common.css.compiler.ast.StringCharStreamTest" time="0.0"/>
  <testcase name="testBackup" classname="com.google.common.css.compiler.ast.StringCharStreamTest" time="0.0"/>
  <system-out><![CDATA[]]></system-out>
  <system-err><![CDATA[]]></system-err>
</testsuite>
