<?xml version="1.0" encoding="UTF-8"?>
<testsuite name="com.google.common.css.compiler.passes.EvaluateCompileConstantsTest" tests="3" skipped="0" failures="0" errors="0" timestamp="2021-07-14T13:58:49" hostname="Patrick-MBP.fritz.box" time="0.003">
  <properties/>
  <testcase name="testLoopParametersReplacement" classname="com.google.common.css.compiler.passes.EvaluateCompileConstantsTest" time="0.001"/>
  <testcase name="testValueInArgumentReplacement" classname="com.google.common.css.compiler.passes.EvaluateCompileConstantsTest" time="0.001"/>
  <testcase name="testValueInDefinitionReplacement" classname="com.google.common.css.compiler.passes.EvaluateCompileConstantsTest" time="0.001"/>
  <system-out><![CDATA[]]></system-out>
  <system-err><![CDATA[]]></system-err>
</testsuite>
