<?xml version="1.0" encoding="UTF-8"?>
<testsuite name="com.google.common.css.compiler.ast.SourceCodeLocationTest" tests="8" skipped="2" failures="0" errors="0" timestamp="2021-07-14T13:58:51" hostname="Patrick-MBP.fritz.box" time="0.017">
  <properties/>
  <testcase name="testSimpleRule" classname="com.google.common.css.compiler.ast.SourceCodeLocationTest" time="0.009"/>
  <testcase name="testRuleWithCustomDeclaration" classname="com.google.common.css.compiler.ast.SourceCodeLocationTest" time="0.001"/>
  <testcase name="testCharset" classname="com.google.common.css.compiler.ast.SourceCodeLocationTest" time="0.0">
    <skipped/>
  </testcase>
  <testcase name="testRuleWithTwoDeclarations" classname="com.google.common.css.compiler.ast.SourceCodeLocationTest" time="0.001"/>
  <testcase name="testTwoSimpleRules" classname="com.google.common.css.compiler.ast.SourceCodeLocationTest" time="0.0"/>
  <testcase name="testRuleWithFontDeclaration" classname="com.google.common.css.compiler.ast.SourceCodeLocationTest" time="0.002"/>
  <testcase name="testImport" classname="com.google.common.css.compiler.ast.SourceCodeLocationTest" time="0.0">
    <skipped/>
  </testcase>
  <testcase name="testRuleWithDeclaration" classname="com.google.common.css.compiler.ast.SourceCodeLocationTest" time="0.001"/>
  <system-out><![CDATA[]]></system-out>
  <system-err><![CDATA[]]></system-err>
</testsuite>
