<?xml version="1.0" encoding="UTF-8"?>
<testsuite name="com.google.common.css.compiler.passes.StrictCss2Test" tests="23" skipped="0" failures="0" errors="0" timestamp="2021-07-14T13:58:48" hostname="Patrick-MBP.fritz.box" time="0.027">
  <properties/>
  <testcase name="testAtrributeSelectorBad1" classname="com.google.common.css.compiler.passes.StrictCss2Test" time="0.006"/>
  <testcase name="testAtrributeSelectorBad2" classname="com.google.common.css.compiler.passes.StrictCss2Test" time="0.002"/>
  <testcase name="testAtrributeSelectorBad3" classname="com.google.common.css.compiler.passes.StrictCss2Test" time="0.001"/>
  <testcase name="testPseudoClass1" classname="com.google.common.css.compiler.passes.StrictCss2Test" time="0.002"/>
  <testcase name="testPseudoClass2" classname="com.google.common.css.compiler.passes.StrictCss2Test" time="0.001"/>
  <testcase name="testPseudoClass3" classname="com.google.common.css.compiler.passes.StrictCss2Test" time="0.001"/>
  <testcase name="testPseudoClass4" classname="com.google.common.css.compiler.passes.StrictCss2Test" time="0.0"/>
  <testcase name="testValidLengthUnits" classname="com.google.common.css.compiler.passes.StrictCss2Test" time="0.001"/>
  <testcase name="testPseudoClassBad1" classname="com.google.common.css.compiler.passes.StrictCss2Test" time="0.001"/>
  <testcase name="testPseudoClassBad2" classname="com.google.common.css.compiler.passes.StrictCss2Test" time="0.0"/>
  <testcase name="testPseudoElementBad" classname="com.google.common.css.compiler.passes.StrictCss2Test" time="0.001"/>
  <testcase name="testPseudoClassNthBad1" classname="com.google.common.css.compiler.passes.StrictCss2Test" time="0.001"/>
  <testcase name="testPseudoClassNthBad2" classname="com.google.common.css.compiler.passes.StrictCss2Test" time="0.001"/>
  <testcase name="testPseudoClassNthBad3" classname="com.google.common.css.compiler.passes.StrictCss2Test" time="0.001"/>
  <testcase name="testPseudoClassNthBad4" classname="com.google.common.css.compiler.passes.StrictCss2Test" time="0.001"/>
  <testcase name="testInvalidLengthUnit" classname="com.google.common.css.compiler.passes.StrictCss2Test" time="0.001"/>
  <testcase name="testAttributeSelector1" classname="com.google.common.css.compiler.passes.StrictCss2Test" time="0.001"/>
  <testcase name="testAttributeSelector2" classname="com.google.common.css.compiler.passes.StrictCss2Test" time="0.0"/>
  <testcase name="testAttributeSelector3" classname="com.google.common.css.compiler.passes.StrictCss2Test" time="0.0"/>
  <testcase name="testPseudoElement1" classname="com.google.common.css.compiler.passes.StrictCss2Test" time="0.0"/>
  <testcase name="testPseudoElement2" classname="com.google.common.css.compiler.passes.StrictCss2Test" time="0.001"/>
  <testcase name="testPseudoElement3" classname="com.google.common.css.compiler.passes.StrictCss2Test" time="0.001"/>
  <testcase name="testPseudoElement4" classname="com.google.common.css.compiler.passes.StrictCss2Test" time="0.0"/>
  <system-out><![CDATA[]]></system-out>
  <system-err><![CDATA[]]></system-err>
</testsuite>
