<?xml version="1.0" encoding="UTF-8"?>
<testsuite name="com.google.common.css.compiler.passes.MergeAdjacentRulesetNodesWithSameDeclarationsTest" tests="5" skipped="0" failures="0" errors="0" timestamp="2021-07-14T13:58:50" hostname="Patrick-MBP.fritz.box" time="0.008">
  <properties/>
  <testcase name="testPassResult" classname="com.google.common.css.compiler.passes.MergeAdjacentRulesetNodesWithSameDeclarationsTest" time="0.003"/>
  <testcase name="testEnterTree" classname="com.google.common.css.compiler.passes.MergeAdjacentRulesetNodesWithSameDeclarationsTest" time="0.001"/>
  <testcase name="testDoNotMergePseudoElements" classname="com.google.common.css.compiler.passes.MergeAdjacentRulesetNodesWithSameDeclarationsTest" time="0.001"/>
  <testcase name="testRunPass" classname="com.google.common.css.compiler.passes.MergeAdjacentRulesetNodesWithSameDeclarationsTest" time="0.003"/>
  <testcase name="testPassResult2" classname="com.google.common.css.compiler.passes.MergeAdjacentRulesetNodesWithSameDeclarationsTest" time="0.0"/>
  <system-out><![CDATA[]]></system-out>
  <system-err><![CDATA[]]></system-err>
</testsuite>
