<?xml version="1.0" encoding="UTF-8"?>
<testsuite name="com.google.common.css.compiler.ast.AstUtilityTestCaseTest" tests="5" skipped="0" failures="0" errors="0" timestamp="2021-07-14T13:58:51" hostname="Patrick-MBP.fritz.box" time="0.005">
  <properties/>
  <testcase name="testDeepEquals1" classname="com.google.common.css.compiler.ast.AstUtilityTestCaseTest" time="0.001"/>
  <testcase name="testDeepEquals2" classname="com.google.common.css.compiler.ast.AstUtilityTestCaseTest" time="0.0"/>
  <testcase name="testDeepEquals3" classname="com.google.common.css.compiler.ast.AstUtilityTestCaseTest" time="0.003"/>
  <testcase name="testDeepEquals4" classname="com.google.common.css.compiler.ast.AstUtilityTestCaseTest" time="0.0"/>
  <testcase name="testDeepEquals5" classname="com.google.common.css.compiler.ast.AstUtilityTestCaseTest" time="0.001"/>
  <system-out><![CDATA[]]></system-out>
  <system-err><![CDATA[]]></system-err>
</testsuite>
