<?xml version="1.0" encoding="UTF-8"?>
<testsuite name="com.google.common.css.compiler.ast.CssPseudoClassNodeTest" tests="4" skipped="0" failures="0" errors="0" timestamp="2021-07-14T13:58:50" hostname="Patrick-MBP.fritz.box" time="0.001">
  <properties/>
  <testcase name="testNonFunction" classname="com.google.common.css.compiler.ast.CssPseudoClassNodeTest" time="0.0"/>
  <testcase name="testLangFunction" classname="com.google.common.css.compiler.ast.CssPseudoClassNodeTest" time="0.0"/>
  <testcase name="testNthFunction" classname="com.google.common.css.compiler.ast.CssPseudoClassNodeTest" time="0.0"/>
  <testcase name="testNotFunction" classname="com.google.common.css.compiler.ast.CssPseudoClassNodeTest" time="0.0"/>
  <system-out><![CDATA[]]></system-out>
  <system-err><![CDATA[]]></system-err>
</testsuite>
