<?xml version="1.0" encoding="UTF-8"?>
<testsuite name="com.google.common.css.compiler.passes.CreateConstantReferencesTest" tests="2" skipped="0" failures="0" errors="0" timestamp="2021-07-14T13:58:49" hostname="Patrick-MBP.fritz.box" time="0.002">
  <properties/>
  <testcase name="testCreateFunRef" classname="com.google.common.css.compiler.passes.CreateConstantReferencesTest" time="0.001"/>
  <testcase name="testCreateSimpleRef" classname="com.google.common.css.compiler.passes.CreateConstantReferencesTest" time="0.0"/>
  <system-out><![CDATA[]]></system-out>
  <system-err><![CDATA[]]></system-err>
</testsuite>
