<?xml version="1.0" encoding="UTF-8"?>
<testsuite name="com.google.common.css.compiler.passes.CreateVendorPrefixedKeyframesTest" tests="2" skipped="0" failures="0" errors="0" timestamp="2021-07-14T13:58:49" hostname="Patrick-MBP.fritz.box" time="0.004">
  <properties/>
  <testcase name="testWithoutComment" classname="com.google.common.css.compiler.passes.CreateVendorPrefixedKeyframesTest" time="0.002"/>
  <testcase name="testCreateWebkitKeyframes" classname="com.google.common.css.compiler.passes.CreateVendorPrefixedKeyframesTest" time="0.002"/>
  <system-out><![CDATA[]]></system-out>
  <system-err><![CDATA[]]></system-err>
</testsuite>
