<?xml version="1.0" encoding="UTF-8"?>
<testsuite name="com.google.common.css.compiler.commandline.ClosureCommandLineCompilerTest" tests="3" skipped="0" failures="0" errors="0" timestamp="2021-07-14T13:58:50" hostname="Patrick-MBP.fritz.box" time="0.112">
  <properties/>
  <testcase name="testAllowDefPropagationDefaultsToTrue" classname="com.google.common.css.compiler.commandline.ClosureCommandLineCompilerTest" time="0.083"/>
  <testcase name="testEmptyImportBlocks" classname="com.google.common.css.compiler.commandline.ClosureCommandLineCompilerTest" time="0.027"/>
  <testcase name="testMixinPropagation" classname="com.google.common.css.compiler.commandline.ClosureCommandLineCompilerTest" time="0.002"/>
  <system-out><![CDATA[]]></system-out>
  <system-err><![CDATA[]]></system-err>
</testsuite>
