<?xml version="1.0" encoding="UTF-8"?>
<testsuite name="com.google.common.css.compiler.passes.WarnOnCustomPropertyTest" tests="2" skipped="0" failures="0" errors="0" timestamp="2021-07-14T13:58:48" hostname="Patrick-MBP.fritz.box" time="0.004">
  <properties/>
  <testcase name="testWarnsOnDeclaration" classname="com.google.common.css.compiler.passes.WarnOnCustomPropertyTest" time="0.003"/>
  <testcase name="testWarnsOnReference" classname="com.google.common.css.compiler.passes.WarnOnCustomPropertyTest" time="0.001"/>
  <system-out><![CDATA[]]></system-out>
  <system-err><![CDATA[]]></system-err>
</testsuite>
