<?xml version="1.0" encoding="UTF-8"?>
<testsuite name="com.google.common.css.compiler.ast.CssCustomFunctionNodeTest" tests="2" skipped="0" failures="0" errors="0" timestamp="2021-07-14T13:58:51" hostname="Patrick-MBP.fritz.box" time="0.001">
  <properties/>
  <testcase name="fixupFunctionArgumentsDoesNotModifyLiteralNodes_b35587881" classname="com.google.common.css.compiler.ast.CssCustomFunctionNodeTest" time="0.001"/>
  <testcase name="stringsAsFunctionArgumentsAreNotHideouslyBroken" classname="com.google.common.css.compiler.ast.CssCustomFunctionNodeTest" time="0.0"/>
  <system-out><![CDATA[]]></system-out>
  <system-err><![CDATA[]]></system-err>
</testsuite>
