<?xml version="1.0" encoding="UTF-8"?>
<testsuite name="com.google.common.css.compiler.passes.UnsafeMergeRulesetNodesFunctionalTest" tests="4" skipped="0" failures="0" errors="0" timestamp="2021-07-14T13:58:49" hostname="Patrick-MBP.fritz.box" time="0.088">
  <properties/>
  <testcase name="testGroupByDeclarations" classname="com.google.common.css.compiler.passes.UnsafeMergeRulesetNodesFunctionalTest" time="0.03"/>
  <testcase name="testBorderAlwaysPartitioned" classname="com.google.common.css.compiler.passes.UnsafeMergeRulesetNodesFunctionalTest" time="0.003"/>
  <testcase name="testSorting" classname="com.google.common.css.compiler.passes.UnsafeMergeRulesetNodesFunctionalTest" time="0.002"/>
  <testcase name="testPropertyPartition" classname="com.google.common.css.compiler.passes.UnsafeMergeRulesetNodesFunctionalTest" time="0.053"/>
  <system-out><![CDATA[]]></system-out>
  <system-err><![CDATA[]]></system-err>
</testsuite>
