<?xml version="1.0" encoding="UTF-8"?>
<testsuite name="com.google.common.css.compiler.passes.AbbreviatePositionalValuesTest" tests="4" skipped="0" failures="0" errors="0" timestamp="2021-07-14T13:58:49" hostname="Patrick-MBP.fritz.box" time="0.009">
  <properties/>
  <testcase name="testEqualNumerics" classname="com.google.common.css.compiler.passes.AbbreviatePositionalValuesTest" time="0.002"/>
  <testcase name="testEnterDeclaration" classname="com.google.common.css.compiler.passes.AbbreviatePositionalValuesTest" time="0.005"/>
  <testcase name="testEqualColors" classname="com.google.common.css.compiler.passes.AbbreviatePositionalValuesTest" time="0.0"/>
  <testcase name="testEqualLiterals" classname="com.google.common.css.compiler.passes.AbbreviatePositionalValuesTest" time="0.0"/>
  <system-out><![CDATA[]]></system-out>
  <system-err><![CDATA[]]></system-err>
</testsuite>
