<?xml version="1.0" encoding="UTF-8"?>
<testsuite name="com.google.common.css.compiler.passes.EliminateEmptyRulesetNodesTest" tests="3" skipped="0" failures="0" errors="0" timestamp="2021-07-14T13:58:50" hostname="Patrick-MBP.fritz.box" time="0.003">
  <properties/>
  <testcase name="testEnterRuleset1" classname="com.google.common.css.compiler.passes.EliminateEmptyRulesetNodesTest" time="0.001"/>
  <testcase name="testEnterRuleset2" classname="com.google.common.css.compiler.passes.EliminateEmptyRulesetNodesTest" time="0.001"/>
  <testcase name="testRunPass" classname="com.google.common.css.compiler.passes.EliminateEmptyRulesetNodesTest" time="0.001"/>
  <system-out><![CDATA[]]></system-out>
  <system-err><![CDATA[]]></system-err>
</testsuite>
