<?xml version="1.0" encoding="UTF-8"?>
<testsuite name="com.google.common.css.compiler.passes.MarkRemovableRulesetNodesForChunkTest" tests="4" skipped="0" failures="0" errors="0" timestamp="2021-07-14T13:58:45" hostname="Patrick-MBP.fritz.box" time="0.036">
  <properties/>
  <testcase name="testAllOneChunkButSkipping" classname="com.google.common.css.compiler.passes.MarkRemovableRulesetNodesForChunkTest" time="0.018"/>
  <testcase name="testSameChunkHit" classname="com.google.common.css.compiler.passes.MarkRemovableRulesetNodesForChunkTest" time="0.014"/>
  <testcase name="testDiffChunkHit" classname="com.google.common.css.compiler.passes.MarkRemovableRulesetNodesForChunkTest" time="0.001"/>
  <testcase name="testAllOneChunk" classname="com.google.common.css.compiler.passes.MarkRemovableRulesetNodesForChunkTest" time="0.002"/>
  <system-out><![CDATA[]]></system-out>
  <system-err><![CDATA[]]></system-err>
</testsuite>
