<?xml version="1.0" encoding="UTF-8"?>
<testsuite name="com.google.common.css.compiler.passes.AbbreviatePositionalValuesFunctionalTest" tests="6" skipped="0" failures="0" errors="0" timestamp="2021-07-14T13:58:50" hostname="Patrick-MBP.fritz.box" time="0.004">
  <properties/>
  <testcase name="test1" classname="com.google.common.css.compiler.passes.AbbreviatePositionalValuesFunctionalTest" time="0.001"/>
  <testcase name="test2" classname="com.google.common.css.compiler.passes.AbbreviatePositionalValuesFunctionalTest" time="0.0"/>
  <testcase name="test3" classname="com.google.common.css.compiler.passes.AbbreviatePositionalValuesFunctionalTest" time="0.001"/>
  <testcase name="test4" classname="com.google.common.css.compiler.passes.AbbreviatePositionalValuesFunctionalTest" time="0.0"/>
  <testcase name="test5" classname="com.google.common.css.compiler.passes.AbbreviatePositionalValuesFunctionalTest" time="0.001"/>
  <testcase name="test6" classname="com.google.common.css.compiler.passes.AbbreviatePositionalValuesFunctionalTest" time="0.001"/>
  <system-out><![CDATA[]]></system-out>
  <system-err><![CDATA[]]></system-err>
</testsuite>
