<?xml version="1.0" encoding="UTF-8"?>
<testsuite name="com.google.common.css.compiler.passes.MarkRemovableRulesetNodesTest" tests="27" skipped="0" failures="0" errors="0" timestamp="2021-07-14T13:58:49" hostname="Patrick-MBP.fritz.box" time="0.072">
  <properties/>
  <testcase name="testMarkRemovableRulesetNodeDontBarfOnNonRuleset" classname="com.google.common.css.compiler.passes.MarkRemovableRulesetNodesTest" time="0.001"/>
  <testcase name="testMarkRemovableRulesetNodeImportant" classname="com.google.common.css.compiler.passes.MarkRemovableRulesetNodesTest" time="0.002"/>
  <testcase name="testMarkRemovableRulesetNodeDeadCode" classname="com.google.common.css.compiler.passes.MarkRemovableRulesetNodesTest" time="0.001"/>
  <testcase name="testMarkRemovableRulesetNode1" classname="com.google.common.css.compiler.passes.MarkRemovableRulesetNodesTest" time="0.001"/>
  <testcase name="testMarkRemovableRulesetNode2" classname="com.google.common.css.compiler.passes.MarkRemovableRulesetNodesTest" time="0.001"/>
  <testcase name="testMarkRemovableRulesetNode3" classname="com.google.common.css.compiler.passes.MarkRemovableRulesetNodesTest" time="0.001"/>
  <testcase name="testMarkRemovableRulesetNode4" classname="com.google.common.css.compiler.passes.MarkRemovableRulesetNodesTest" time="0.001"/>
  <testcase name="testMarkRemovableRulesetNode5" classname="com.google.common.css.compiler.passes.MarkRemovableRulesetNodesTest" time="0.001"/>
  <testcase name="testMarkRemovableRulesetNode6" classname="com.google.common.css.compiler.passes.MarkRemovableRulesetNodesTest" time="0.001"/>
  <testcase name="testMarkRemovableRulesetNode7" classname="com.google.common.css.compiler.passes.MarkRemovableRulesetNodesTest" time="0.001"/>
  <testcase name="testMarkRemovableRulesetNode8" classname="com.google.common.css.compiler.passes.MarkRemovableRulesetNodesTest" time="0.001"/>
  <testcase name="testMarkRemovableRulesetNode9" classname="com.google.common.css.compiler.passes.MarkRemovableRulesetNodesTest" time="0.001"/>
  <testcase name="testMarkRemovableRulesetNodeShorthandWithAllImportant" classname="com.google.common.css.compiler.passes.MarkRemovableRulesetNodesTest" time="0.001"/>
  <testcase name="testMarkRemovableRulesetNodeShorthandWithImportant" classname="com.google.common.css.compiler.passes.MarkRemovableRulesetNodesTest" time="0.004"/>
  <testcase name="testMarkRemovableRulesetNode10" classname="com.google.common.css.compiler.passes.MarkRemovableRulesetNodesTest" time="0.002"/>
  <testcase name="testMarkRemovableRulesetNode11" classname="com.google.common.css.compiler.passes.MarkRemovableRulesetNodesTest" time="0.003"/>
  <testcase name="testMarkRemovableRulesetNode12" classname="com.google.common.css.compiler.passes.MarkRemovableRulesetNodesTest" time="0.003"/>
  <testcase name="testMarkRemovableRulesetNode13" classname="com.google.common.css.compiler.passes.MarkRemovableRulesetNodesTest" time="0.002"/>
  <testcase name="testMarkRemovableRulesetNode14" classname="com.google.common.css.compiler.passes.MarkRemovableRulesetNodesTest" time="0.003"/>
  <testcase name="testMarkRemovableRulesetNode15" classname="com.google.common.css.compiler.passes.MarkRemovableRulesetNodesTest" time="0.003"/>
  <testcase name="testMarkRemovableRulesetNode16" classname="com.google.common.css.compiler.passes.MarkRemovableRulesetNodesTest" time="0.001"/>
  <testcase name="testMarkRemovableRulesetNodeAlternate1" classname="com.google.common.css.compiler.passes.MarkRemovableRulesetNodesTest" time="0.001"/>
  <testcase name="testMarkRemovableRulesetNodeAlternate2" classname="com.google.common.css.compiler.passes.MarkRemovableRulesetNodesTest" time="0.002"/>
  <testcase name="testMarkRemovableRulesetNodeAlternate3" classname="com.google.common.css.compiler.passes.MarkRemovableRulesetNodesTest" time="0.001"/>
  <testcase name="testRunPass" classname="com.google.common.css.compiler.passes.MarkRemovableRulesetNodesTest" time="0.027"/>
  <testcase name="testMarkRemovableRulesetNodeShorthand" classname="com.google.common.css.compiler.passes.MarkRemovableRulesetNodesTest" time="0.001"/>
  <testcase name="testMarkRemovableRulesetNodeComponents" classname="com.google.common.css.compiler.passes.MarkRemovableRulesetNodesTest" time="0.001"/>
  <system-out><![CDATA[]]></system-out>
  <system-err><![CDATA[]]></system-err>
</testsuite>
