<?xml version="1.0" encoding="UTF-8"?>
<testsuite name="com.google.common.css.compiler.passes.HandleUnknownAtRuleNodesTest" tests="7" skipped="0" failures="0" errors="0" timestamp="2021-07-14T13:58:49" hostname="Patrick-MBP.fritz.box" time="0.004">
  <properties/>
  <testcase name="testReportDoNotRemove" classname="com.google.common.css.compiler.passes.HandleUnknownAtRuleNodesTest" time="0.001"/>
  <testcase name="testDoNotReportDoNotRemove" classname="com.google.common.css.compiler.passes.HandleUnknownAtRuleNodesTest" time="0.001"/>
  <testcase name="testDoNotReportDoNotRemoveCustomAtRule" classname="com.google.common.css.compiler.passes.HandleUnknownAtRuleNodesTest" time="0.0"/>
  <testcase name="testDoNotReportDoNotRemoveMedia" classname="com.google.common.css.compiler.passes.HandleUnknownAtRuleNodesTest" time="0.001"/>
  <testcase name="testDoNotReportRemove" classname="com.google.common.css.compiler.passes.HandleUnknownAtRuleNodesTest" time="0.0"/>
  <testcase name="testReportRemove" classname="com.google.common.css.compiler.passes.HandleUnknownAtRuleNodesTest" time="0.001"/>
  <testcase name="testDoNotReportDoNotRemoveMediaWithUnknown" classname="com.google.common.css.compiler.passes.HandleUnknownAtRuleNodesTest" time="0.0"/>
  <system-out><![CDATA[]]></system-out>
  <system-err><![CDATA[]]></system-err>
</testsuite>
