<?xml version="1.0" encoding="UTF-8"?>
<testsuite name="com.google.common.css.compiler.passes.CreateConditionalNodesTest" tests="11" skipped="0" failures="0" errors="0" timestamp="2021-07-14T13:58:48" hostname="Patrick-MBP.fritz.box" time="0.014">
  <properties/>
  <testcase name="testCreateConditionalBlockNodeInRuleset" classname="com.google.common.css.compiler.passes.CreateConditionalNodesTest" time="0.002"/>
  <testcase name="testElseIfAfterElseError" classname="com.google.common.css.compiler.passes.CreateConditionalNodesTest" time="0.001"/>
  <testcase name="testIfWithoutConditionError" classname="com.google.common.css.compiler.passes.CreateConditionalNodesTest" time="0.001"/>
  <testcase name="testIfWithoutBlockError" classname="com.google.common.css.compiler.passes.CreateConditionalNodesTest" time="0.001"/>
  <testcase name="testElseWithoutIfError" classname="com.google.common.css.compiler.passes.CreateConditionalNodesTest" time="0.001"/>
  <testcase name="testCreateSimpleConditionalBlockNode" classname="com.google.common.css.compiler.passes.CreateConditionalNodesTest" time="0.001"/>
  <testcase name="testElseTooManyParametersError" classname="com.google.common.css.compiler.passes.CreateConditionalNodesTest" time="0.001"/>
  <testcase name="testNestedElseWithoutIfError" classname="com.google.common.css.compiler.passes.CreateConditionalNodesTest" time="0.0"/>
  <testcase name="testElseAfterRuleError" classname="com.google.common.css.compiler.passes.CreateConditionalNodesTest" time="0.002"/>
  <testcase name="testCreateNestedConditionalBlockNode" classname="com.google.common.css.compiler.passes.CreateConditionalNodesTest" time="0.001"/>
  <testcase name="testIfWithTooManyParametersError" classname="com.google.common.css.compiler.passes.CreateConditionalNodesTest" time="0.002"/>
  <system-out><![CDATA[]]></system-out>
  <system-err><![CDATA[]]></system-err>
</testsuite>
